[0.108s] DEBUG:colcon:Command line arguments: ['/usr/bin/colcon', 'build']
[0.109s] DEBUG:colcon:Parsed command line arguments: Namespace(log_base=None, log_level=None, verb_name='build', build_base='build', install_base='install', merge_install=False, symlink_install=False, test_result_base=None, continue_on_error=False, executor='parallel', parallel_workers=20, event_handlers=None, ignore_user_meta=False, metas=['./colcon.meta'], base_paths=['.'], packages_ignore=None, packages_ignore_regex=None, paths=None, packages_up_to=None, packages_up_to_regex=None, packages_above=None, packages_above_and_dependencies=None, packages_above_depth=None, packages_select_by_dep=None, packages_skip_by_dep=None, packages_skip_up_to=None, packages_select_build_failed=False, packages_skip_build_finished=False, packages_select_test_failures=False, packages_skip_test_passed=False, packages_select=None, packages_skip=None, packages_select_regex=None, packages_skip_regex=None, packages_start=None, packages_end=None, allow_overriding=[], cmake_args=None, cmake_target=None, cmake_target_skip_unavailable=False, cmake_clean_cache=False, cmake_clean_first=False, cmake_force_configure=False, ament_cmake_args=None, catkin_cmake_args=None, catkin_skip_building_tests=False, mixin_files=None, mixin=None, verb_parser=<colcon_mixin.mixin.mixin_argument.MixinArgumentDecorator object at 0x7e855f1d2bc0>, verb_extension=<colcon_core.verb.build.BuildVerb object at 0x7e855f2c7a90>, main=<bound method BuildVerb.main of <colcon_core.verb.build.BuildVerb object at 0x7e855f2c7a90>>, mixin_verb=('build',))
[0.313s] Level 1:colcon.colcon_core.package_discovery:discover_packages(colcon_meta) check parameters
[0.313s] Level 1:colcon.colcon_core.package_discovery:discover_packages(recursive) check parameters
[0.313s] Level 1:colcon.colcon_core.package_discovery:discover_packages(ignore) check parameters
[0.313s] Level 1:colcon.colcon_core.package_discovery:discover_packages(path) check parameters
[0.313s] Level 1:colcon.colcon_core.package_discovery:discover_packages(colcon_meta) discover
[0.313s] Level 1:colcon.colcon_core.package_discovery:discover_packages(recursive) discover
[0.313s] INFO:colcon.colcon_core.package_discovery:Crawling recursively for packages in '/home/emre/ws_mobile'
[0.313s] Level 1:colcon.colcon_core.package_identification:_identify(.) by extensions ['ignore', 'ignore_ament_install']
[0.313s] Level 1:colcon.colcon_core.package_identification:_identify(.) by extension 'ignore'
[0.313s] Level 1:colcon.colcon_core.package_identification:_identify(.) by extension 'ignore_ament_install'
[0.313s] Level 1:colcon.colcon_core.package_identification:_identify(.) by extensions ['colcon_pkg']
[0.313s] Level 1:colcon.colcon_core.package_identification:_identify(.) by extension 'colcon_pkg'
[0.313s] Level 1:colcon.colcon_core.package_identification:_identify(.) by extensions ['colcon_meta']
[0.313s] Level 1:colcon.colcon_core.package_identification:_identify(.) by extension 'colcon_meta'
[0.313s] Level 1:colcon.colcon_core.package_identification:_identify(.) by extensions ['ros']
[0.313s] Level 1:colcon.colcon_core.package_identification:_identify(.) by extension 'ros'
[0.320s] Level 1:colcon.colcon_core.package_identification:_identify(.) by extensions ['cmake', 'python']
[0.320s] Level 1:colcon.colcon_core.package_identification:_identify(.) by extension 'cmake'
[0.320s] Level 1:colcon.colcon_core.package_identification:_identify(.) by extension 'python'
[0.320s] Level 1:colcon.colcon_core.package_identification:_identify(.) by extensions ['python_setup_py']
[0.320s] Level 1:colcon.colcon_core.package_identification:_identify(.) by extension 'python_setup_py'
[0.320s] Level 1:colcon.colcon_core.package_identification:_identify(build) by extensions ['ignore', 'ignore_ament_install']
[0.320s] Level 1:colcon.colcon_core.package_identification:_identify(build) by extension 'ignore'
[0.320s] Level 1:colcon.colcon_core.package_identification:_identify(build) ignored
[0.321s] Level 1:colcon.colcon_core.package_identification:_identify(install) by extensions ['ignore', 'ignore_ament_install']
[0.321s] Level 1:colcon.colcon_core.package_identification:_identify(install) by extension 'ignore'
[0.321s] Level 1:colcon.colcon_core.package_identification:_identify(install) ignored
[0.321s] Level 1:colcon.colcon_core.package_identification:_identify(log) by extensions ['ignore', 'ignore_ament_install']
[0.321s] Level 1:colcon.colcon_core.package_identification:_identify(log) by extension 'ignore'
[0.321s] Level 1:colcon.colcon_core.package_identification:_identify(log) ignored
[0.321s] Level 1:colcon.colcon_core.package_identification:_identify(src) by extensions ['ignore', 'ignore_ament_install']
[0.321s] Level 1:colcon.colcon_core.package_identification:_identify(src) by extension 'ignore'
[0.321s] Level 1:colcon.colcon_core.package_identification:_identify(src) by extension 'ignore_ament_install'
[0.321s] Level 1:colcon.colcon_core.package_identification:_identify(src) by extensions ['colcon_pkg']
[0.321s] Level 1:colcon.colcon_core.package_identification:_identify(src) by extension 'colcon_pkg'
[0.321s] Level 1:colcon.colcon_core.package_identification:_identify(src) by extensions ['colcon_meta']
[0.321s] Level 1:colcon.colcon_core.package_identification:_identify(src) by extension 'colcon_meta'
[0.321s] Level 1:colcon.colcon_core.package_identification:_identify(src) by extensions ['ros']
[0.321s] Level 1:colcon.colcon_core.package_identification:_identify(src) by extension 'ros'
[0.321s] Level 1:colcon.colcon_core.package_identification:_identify(src) by extensions ['cmake', 'python']
[0.321s] Level 1:colcon.colcon_core.package_identification:_identify(src) by extension 'cmake'
[0.321s] Level 1:colcon.colcon_core.package_identification:_identify(src) by extension 'python'
[0.321s] Level 1:colcon.colcon_core.package_identification:_identify(src) by extensions ['python_setup_py']
[0.321s] Level 1:colcon.colcon_core.package_identification:_identify(src) by extension 'python_setup_py'
[0.321s] Level 1:colcon.colcon_core.package_identification:_identify(src/mobile_robot) by extensions ['ignore', 'ignore_ament_install']
[0.321s] Level 1:colcon.colcon_core.package_identification:_identify(src/mobile_robot) by extension 'ignore'
[0.321s] Level 1:colcon.colcon_core.package_identification:_identify(src/mobile_robot) by extension 'ignore_ament_install'
[0.321s] Level 1:colcon.colcon_core.package_identification:_identify(src/mobile_robot) by extensions ['colcon_pkg']
[0.321s] Level 1:colcon.colcon_core.package_identification:_identify(src/mobile_robot) by extension 'colcon_pkg'
[0.321s] Level 1:colcon.colcon_core.package_identification:_identify(src/mobile_robot) by extensions ['colcon_meta']
[0.321s] Level 1:colcon.colcon_core.package_identification:_identify(src/mobile_robot) by extension 'colcon_meta'
[0.321s] Level 1:colcon.colcon_core.package_identification:_identify(src/mobile_robot) by extensions ['ros']
[0.321s] Level 1:colcon.colcon_core.package_identification:_identify(src/mobile_robot) by extension 'ros'
[0.323s] DEBUG:colcon.colcon_core.package_identification:Package 'src/mobile_robot' with type 'ros.ament_cmake' and name 'mobile_robot'
[0.323s] Level 1:colcon.colcon_core.package_identification:_identify(src/slam_gmapping_Humble) by extensions ['ignore', 'ignore_ament_install']
[0.323s] Level 1:colcon.colcon_core.package_identification:_identify(src/slam_gmapping_Humble) by extension 'ignore'
[0.323s] Level 1:colcon.colcon_core.package_identification:_identify(src/slam_gmapping_Humble) by extension 'ignore_ament_install'
[0.323s] Level 1:colcon.colcon_core.package_identification:_identify(src/slam_gmapping_Humble) by extensions ['colcon_pkg']
[0.323s] Level 1:colcon.colcon_core.package_identification:_identify(src/slam_gmapping_Humble) by extension 'colcon_pkg'
[0.323s] Level 1:colcon.colcon_core.package_identification:_identify(src/slam_gmapping_Humble) by extensions ['colcon_meta']
[0.323s] Level 1:colcon.colcon_core.package_identification:_identify(src/slam_gmapping_Humble) by extension 'colcon_meta'
[0.323s] Level 1:colcon.colcon_core.package_identification:_identify(src/slam_gmapping_Humble) by extensions ['ros']
[0.323s] Level 1:colcon.colcon_core.package_identification:_identify(src/slam_gmapping_Humble) by extension 'ros'
[0.323s] Level 1:colcon.colcon_core.package_identification:_identify(src/slam_gmapping_Humble) by extensions ['cmake', 'python']
[0.323s] Level 1:colcon.colcon_core.package_identification:_identify(src/slam_gmapping_Humble) by extension 'cmake'
[0.323s] Level 1:colcon.colcon_core.package_identification:_identify(src/slam_gmapping_Humble) by extension 'python'
[0.323s] Level 1:colcon.colcon_core.package_identification:_identify(src/slam_gmapping_Humble) by extensions ['python_setup_py']
[0.323s] Level 1:colcon.colcon_core.package_identification:_identify(src/slam_gmapping_Humble) by extension 'python_setup_py'
[0.323s] Level 1:colcon.colcon_core.package_identification:_identify(src/slam_gmapping_Humble/openslam_gmapping) by extensions ['ignore', 'ignore_ament_install']
[0.323s] Level 1:colcon.colcon_core.package_identification:_identify(src/slam_gmapping_Humble/openslam_gmapping) by extension 'ignore'
[0.323s] Level 1:colcon.colcon_core.package_identification:_identify(src/slam_gmapping_Humble/openslam_gmapping) by extension 'ignore_ament_install'
[0.323s] Level 1:colcon.colcon_core.package_identification:_identify(src/slam_gmapping_Humble/openslam_gmapping) by extensions ['colcon_pkg']
[0.323s] Level 1:colcon.colcon_core.package_identification:_identify(src/slam_gmapping_Humble/openslam_gmapping) by extension 'colcon_pkg'
[0.323s] Level 1:colcon.colcon_core.package_identification:_identify(src/slam_gmapping_Humble/openslam_gmapping) by extensions ['colcon_meta']
[0.323s] Level 1:colcon.colcon_core.package_identification:_identify(src/slam_gmapping_Humble/openslam_gmapping) by extension 'colcon_meta'
[0.323s] Level 1:colcon.colcon_core.package_identification:_identify(src/slam_gmapping_Humble/openslam_gmapping) by extensions ['ros']
[0.323s] Level 1:colcon.colcon_core.package_identification:_identify(src/slam_gmapping_Humble/openslam_gmapping) by extension 'ros'
[0.324s] DEBUG:colcon.colcon_core.package_identification:Package 'src/slam_gmapping_Humble/openslam_gmapping' with type 'ros.ament_cmake' and name 'openslam_gmapping'
[0.324s] Level 1:colcon.colcon_core.package_identification:_identify(src/slam_gmapping_Humble/slam_gmapping) by extensions ['ignore', 'ignore_ament_install']
[0.324s] Level 1:colcon.colcon_core.package_identification:_identify(src/slam_gmapping_Humble/slam_gmapping) by extension 'ignore'
[0.324s] Level 1:colcon.colcon_core.package_identification:_identify(src/slam_gmapping_Humble/slam_gmapping) by extension 'ignore_ament_install'
[0.324s] Level 1:colcon.colcon_core.package_identification:_identify(src/slam_gmapping_Humble/slam_gmapping) by extensions ['colcon_pkg']
[0.324s] Level 1:colcon.colcon_core.package_identification:_identify(src/slam_gmapping_Humble/slam_gmapping) by extension 'colcon_pkg'
[0.324s] Level 1:colcon.colcon_core.package_identification:_identify(src/slam_gmapping_Humble/slam_gmapping) by extensions ['colcon_meta']
[0.325s] Level 1:colcon.colcon_core.package_identification:_identify(src/slam_gmapping_Humble/slam_gmapping) by extension 'colcon_meta'
[0.325s] Level 1:colcon.colcon_core.package_identification:_identify(src/slam_gmapping_Humble/slam_gmapping) by extensions ['ros']
[0.325s] Level 1:colcon.colcon_core.package_identification:_identify(src/slam_gmapping_Humble/slam_gmapping) by extension 'ros'
[0.325s] DEBUG:colcon.colcon_core.package_identification:Package 'src/slam_gmapping_Humble/slam_gmapping' with type 'ros.ament_cmake' and name 'slam_gmapping'
[0.325s] Level 1:colcon.colcon_core.package_discovery:discover_packages(recursive) using defaults
[0.325s] Level 1:colcon.colcon_core.package_discovery:discover_packages(ignore) discover
[0.325s] Level 1:colcon.colcon_core.package_discovery:discover_packages(ignore) using defaults
[0.325s] Level 1:colcon.colcon_core.package_discovery:discover_packages(path) discover
[0.325s] Level 1:colcon.colcon_core.package_discovery:discover_packages(path) using defaults
[0.347s] Level 1:colcon.colcon_core.package_discovery:discover_packages(prefix_path) check parameters
[0.347s] Level 1:colcon.colcon_core.package_discovery:discover_packages(prefix_path) discover
[0.348s] DEBUG:colcon.colcon_installed_package_information.package_discovery:Found 1 installed packages in /home/emre/ws_mobile/install
[0.349s] DEBUG:colcon.colcon_installed_package_information.package_discovery:Found 1 installed packages in /home/emre/ros2_ws/install
[0.350s] DEBUG:colcon.colcon_installed_package_information.package_discovery:Found 407 installed packages in /opt/ros/humble
[0.351s] Level 1:colcon.colcon_core.package_discovery:discover_packages(prefix_path) using defaults
[0.376s] Level 5:colcon.colcon_core.verb:set package 'mobile_robot' build argument 'cmake_args' from command line to 'None'
[0.376s] Level 5:colcon.colcon_core.verb:set package 'mobile_robot' build argument 'cmake_target' from command line to 'None'
[0.376s] Level 5:colcon.colcon_core.verb:set package 'mobile_robot' build argument 'cmake_target_skip_unavailable' from command line to 'False'
[0.376s] Level 5:colcon.colcon_core.verb:set package 'mobile_robot' build argument 'cmake_clean_cache' from command line to 'False'
[0.376s] Level 5:colcon.colcon_core.verb:set package 'mobile_robot' build argument 'cmake_clean_first' from command line to 'False'
[0.376s] Level 5:colcon.colcon_core.verb:set package 'mobile_robot' build argument 'cmake_force_configure' from command line to 'False'
[0.376s] Level 5:colcon.colcon_core.verb:set package 'mobile_robot' build argument 'ament_cmake_args' from command line to 'None'
[0.376s] Level 5:colcon.colcon_core.verb:set package 'mobile_robot' build argument 'catkin_cmake_args' from command line to 'None'
[0.376s] Level 5:colcon.colcon_core.verb:set package 'mobile_robot' build argument 'catkin_skip_building_tests' from command line to 'False'
[0.376s] DEBUG:colcon.colcon_core.verb:Building package 'mobile_robot' with the following arguments: {'ament_cmake_args': None, 'build_base': '/home/emre/ws_mobile/build/mobile_robot', 'catkin_cmake_args': None, 'catkin_skip_building_tests': False, 'cmake_args': None, 'cmake_clean_cache': False, 'cmake_clean_first': False, 'cmake_force_configure': False, 'cmake_target': None, 'cmake_target_skip_unavailable': False, 'install_base': '/home/emre/ws_mobile/install/mobile_robot', 'merge_install': False, 'path': '/home/emre/ws_mobile/src/mobile_robot', 'symlink_install': False, 'test_result_base': None}
[0.376s] Level 5:colcon.colcon_core.verb:set package 'openslam_gmapping' build argument 'cmake_args' from command line to 'None'
[0.376s] Level 5:colcon.colcon_core.verb:set package 'openslam_gmapping' build argument 'cmake_target' from command line to 'None'
[0.376s] Level 5:colcon.colcon_core.verb:set package 'openslam_gmapping' build argument 'cmake_target_skip_unavailable' from command line to 'False'
[0.376s] Level 5:colcon.colcon_core.verb:set package 'openslam_gmapping' build argument 'cmake_clean_cache' from command line to 'False'
[0.376s] Level 5:colcon.colcon_core.verb:set package 'openslam_gmapping' build argument 'cmake_clean_first' from command line to 'False'
[0.376s] Level 5:colcon.colcon_core.verb:set package 'openslam_gmapping' build argument 'cmake_force_configure' from command line to 'False'
[0.376s] Level 5:colcon.colcon_core.verb:set package 'openslam_gmapping' build argument 'ament_cmake_args' from command line to 'None'
[0.376s] Level 5:colcon.colcon_core.verb:set package 'openslam_gmapping' build argument 'catkin_cmake_args' from command line to 'None'
[0.376s] Level 5:colcon.colcon_core.verb:set package 'openslam_gmapping' build argument 'catkin_skip_building_tests' from command line to 'False'
[0.376s] DEBUG:colcon.colcon_core.verb:Building package 'openslam_gmapping' with the following arguments: {'ament_cmake_args': None, 'build_base': '/home/emre/ws_mobile/build/openslam_gmapping', 'catkin_cmake_args': None, 'catkin_skip_building_tests': False, 'cmake_args': None, 'cmake_clean_cache': False, 'cmake_clean_first': False, 'cmake_force_configure': False, 'cmake_target': None, 'cmake_target_skip_unavailable': False, 'install_base': '/home/emre/ws_mobile/install/openslam_gmapping', 'merge_install': False, 'path': '/home/emre/ws_mobile/src/slam_gmapping_Humble/openslam_gmapping', 'symlink_install': False, 'test_result_base': None}
[0.376s] Level 5:colcon.colcon_core.verb:set package 'slam_gmapping' build argument 'cmake_args' from command line to 'None'
[0.376s] Level 5:colcon.colcon_core.verb:set package 'slam_gmapping' build argument 'cmake_target' from command line to 'None'
[0.376s] Level 5:colcon.colcon_core.verb:set package 'slam_gmapping' build argument 'cmake_target_skip_unavailable' from command line to 'False'
[0.376s] Level 5:colcon.colcon_core.verb:set package 'slam_gmapping' build argument 'cmake_clean_cache' from command line to 'False'
[0.376s] Level 5:colcon.colcon_core.verb:set package 'slam_gmapping' build argument 'cmake_clean_first' from command line to 'False'
[0.376s] Level 5:colcon.colcon_core.verb:set package 'slam_gmapping' build argument 'cmake_force_configure' from command line to 'False'
[0.376s] Level 5:colcon.colcon_core.verb:set package 'slam_gmapping' build argument 'ament_cmake_args' from command line to 'None'
[0.376s] Level 5:colcon.colcon_core.verb:set package 'slam_gmapping' build argument 'catkin_cmake_args' from command line to 'None'
[0.376s] Level 5:colcon.colcon_core.verb:set package 'slam_gmapping' build argument 'catkin_skip_building_tests' from command line to 'False'
[0.377s] DEBUG:colcon.colcon_core.verb:Building package 'slam_gmapping' with the following arguments: {'ament_cmake_args': None, 'build_base': '/home/emre/ws_mobile/build/slam_gmapping', 'catkin_cmake_args': None, 'catkin_skip_building_tests': False, 'cmake_args': None, 'cmake_clean_cache': False, 'cmake_clean_first': False, 'cmake_force_configure': False, 'cmake_target': None, 'cmake_target_skip_unavailable': False, 'install_base': '/home/emre/ws_mobile/install/slam_gmapping', 'merge_install': False, 'path': '/home/emre/ws_mobile/src/slam_gmapping_Humble/slam_gmapping', 'symlink_install': False, 'test_result_base': None}
[0.377s] INFO:colcon.colcon_core.executor:Executing jobs using 'parallel' executor
[0.377s] DEBUG:colcon.colcon_parallel_executor.executor.parallel:run_until_complete
[0.377s] INFO:colcon.colcon_ros.task.ament_cmake.build:Building ROS package in '/home/emre/ws_mobile/src/slam_gmapping_Humble/openslam_gmapping' with build type 'ament_cmake'
[0.377s] INFO:colcon.colcon_cmake.task.cmake.build:Building CMake package in '/home/emre/ws_mobile/src/slam_gmapping_Humble/openslam_gmapping'
[0.380s] INFO:colcon.colcon_core.plugin_system:Skipping extension 'colcon_core.shell.bat': Not used on non-Windows systems
[0.380s] INFO:colcon.colcon_core.shell:Skip shell extension 'powershell' for command environment: Not usable outside of PowerShell
[0.380s] DEBUG:colcon.colcon_core.shell:Skip shell extension 'dsv' for command environment
[0.383s] INFO:colcon.colcon_ros.task.ament_cmake.build:Building ROS package in '/home/emre/ws_mobile/src/mobile_robot' with build type 'ament_cmake'
[0.383s] INFO:colcon.colcon_cmake.task.cmake.build:Building CMake package in '/home/emre/ws_mobile/src/mobile_robot'
[0.383s] INFO:colcon.colcon_core.shell:Skip shell extension 'powershell' for command environment: Not usable outside of PowerShell
[0.383s] DEBUG:colcon.colcon_core.shell:Skip shell extension 'dsv' for command environment
[0.387s] DEBUG:colcon.colcon_core.event_handler.log_command:Invoking command in '/home/emre/ws_mobile/build/openslam_gmapping': CMAKE_PREFIX_PATH=/home/emre/ws_mobile/install/mobile_robot:/opt/ros/humble:/home/emre/ros2_ws/install/my_rover_description /usr/bin/cmake /home/emre/ws_mobile/src/slam_gmapping_Humble/openslam_gmapping -DCMAKE_INSTALL_PREFIX=/home/emre/ws_mobile/install/openslam_gmapping
[0.389s] DEBUG:colcon.colcon_core.event_handler.log_command:Invoking command in '/home/emre/ws_mobile/build/mobile_robot': CMAKE_PREFIX_PATH=/home/emre/ws_mobile/install/mobile_robot:/opt/ros/humble:/home/emre/ros2_ws/install/my_rover_description /usr/bin/cmake --build /home/emre/ws_mobile/build/mobile_robot -- -j20 -l20
[0.425s] DEBUG:colcon.colcon_core.event_handler.log_command:Invoked command in '/home/emre/ws_mobile/build/mobile_robot' returned '0': CMAKE_PREFIX_PATH=/home/emre/ws_mobile/install/mobile_robot:/opt/ros/humble:/home/emre/ros2_ws/install/my_rover_description /usr/bin/cmake --build /home/emre/ws_mobile/build/mobile_robot -- -j20 -l20
[0.431s] DEBUG:colcon.colcon_core.event_handler.log_command:Invoking command in '/home/emre/ws_mobile/build/mobile_robot': CMAKE_PREFIX_PATH=/home/emre/ws_mobile/install/mobile_robot:/opt/ros/humble:/home/emre/ros2_ws/install/my_rover_description /usr/bin/cmake --install /home/emre/ws_mobile/build/mobile_robot
[0.440s] Level 1:colcon.colcon_core.environment:create_environment_scripts_only(mobile_robot)
[0.440s] DEBUG:colcon.colcon_core.event_handler.log_command:Invoked command in '/home/emre/ws_mobile/build/mobile_robot' returned '0': CMAKE_PREFIX_PATH=/home/emre/ws_mobile/install/mobile_robot:/opt/ros/humble:/home/emre/ros2_ws/install/my_rover_description /usr/bin/cmake --install /home/emre/ws_mobile/build/mobile_robot
[0.444s] Level 1:colcon.colcon_core.environment:checking '/home/emre/ws_mobile/install/mobile_robot' for CMake module files
[0.444s] Level 1:colcon.colcon_core.environment:checking '/home/emre/ws_mobile/install/mobile_robot' for CMake config files
[0.445s] Level 1:colcon.colcon_core.shell:create_environment_hook('mobile_robot', 'cmake_prefix_path')
[0.445s] INFO:colcon.colcon_core.shell:Creating environment hook '/home/emre/ws_mobile/install/mobile_robot/share/mobile_robot/hook/cmake_prefix_path.ps1'
[0.446s] INFO:colcon.colcon_core.shell:Creating environment descriptor '/home/emre/ws_mobile/install/mobile_robot/share/mobile_robot/hook/cmake_prefix_path.dsv'
[0.446s] INFO:colcon.colcon_core.shell:Creating environment hook '/home/emre/ws_mobile/install/mobile_robot/share/mobile_robot/hook/cmake_prefix_path.sh'
[0.446s] Level 1:colcon.colcon_core.environment:checking '/home/emre/ws_mobile/install/mobile_robot/bin'
[0.447s] Level 1:colcon.colcon_core.environment:checking '/home/emre/ws_mobile/install/mobile_robot/lib/pkgconfig/mobile_robot.pc'
[0.447s] Level 1:colcon.colcon_core.environment:checking '/home/emre/ws_mobile/install/mobile_robot/lib/python3.10/site-packages'
[0.447s] Level 1:colcon.colcon_core.environment:checking '/home/emre/ws_mobile/install/mobile_robot/bin'
[0.447s] INFO:colcon.colcon_core.shell:Creating package script '/home/emre/ws_mobile/install/mobile_robot/share/mobile_robot/package.ps1'
[0.447s] INFO:colcon.colcon_core.shell:Creating package descriptor '/home/emre/ws_mobile/install/mobile_robot/share/mobile_robot/package.dsv'
[0.448s] INFO:colcon.colcon_core.shell:Creating package script '/home/emre/ws_mobile/install/mobile_robot/share/mobile_robot/package.sh'
[0.448s] INFO:colcon.colcon_core.shell:Creating package script '/home/emre/ws_mobile/install/mobile_robot/share/mobile_robot/package.bash'
[0.449s] INFO:colcon.colcon_core.shell:Creating package script '/home/emre/ws_mobile/install/mobile_robot/share/mobile_robot/package.zsh'
[0.449s] Level 1:colcon.colcon_core.environment:create_file_with_runtime_dependencies(/home/emre/ws_mobile/install/mobile_robot/share/colcon-core/packages/mobile_robot)
[0.450s] Level 1:colcon.colcon_core.environment:create_environment_scripts_only(mobile_robot)
[0.450s] Level 1:colcon.colcon_core.environment:checking '/home/emre/ws_mobile/install/mobile_robot' for CMake module files
[0.450s] Level 1:colcon.colcon_core.environment:checking '/home/emre/ws_mobile/install/mobile_robot' for CMake config files
[0.450s] Level 1:colcon.colcon_core.shell:create_environment_hook('mobile_robot', 'cmake_prefix_path')
[0.450s] INFO:colcon.colcon_core.shell:Creating environment hook '/home/emre/ws_mobile/install/mobile_robot/share/mobile_robot/hook/cmake_prefix_path.ps1'
[0.451s] INFO:colcon.colcon_core.shell:Creating environment descriptor '/home/emre/ws_mobile/install/mobile_robot/share/mobile_robot/hook/cmake_prefix_path.dsv'
[0.451s] INFO:colcon.colcon_core.shell:Creating environment hook '/home/emre/ws_mobile/install/mobile_robot/share/mobile_robot/hook/cmake_prefix_path.sh'
[0.451s] Level 1:colcon.colcon_core.environment:checking '/home/emre/ws_mobile/install/mobile_robot/bin'
[0.451s] Level 1:colcon.colcon_core.environment:checking '/home/emre/ws_mobile/install/mobile_robot/lib/pkgconfig/mobile_robot.pc'
[0.451s] Level 1:colcon.colcon_core.environment:checking '/home/emre/ws_mobile/install/mobile_robot/lib/python3.10/site-packages'
[0.451s] Level 1:colcon.colcon_core.environment:checking '/home/emre/ws_mobile/install/mobile_robot/bin'
[0.452s] INFO:colcon.colcon_core.shell:Creating package script '/home/emre/ws_mobile/install/mobile_robot/share/mobile_robot/package.ps1'
[0.452s] INFO:colcon.colcon_core.shell:Creating package descriptor '/home/emre/ws_mobile/install/mobile_robot/share/mobile_robot/package.dsv'
[0.452s] INFO:colcon.colcon_core.shell:Creating package script '/home/emre/ws_mobile/install/mobile_robot/share/mobile_robot/package.sh'
[0.452s] INFO:colcon.colcon_core.shell:Creating package script '/home/emre/ws_mobile/install/mobile_robot/share/mobile_robot/package.bash'
[0.452s] INFO:colcon.colcon_core.shell:Creating package script '/home/emre/ws_mobile/install/mobile_robot/share/mobile_robot/package.zsh'
[0.453s] Level 1:colcon.colcon_core.environment:create_file_with_runtime_dependencies(/home/emre/ws_mobile/install/mobile_robot/share/colcon-core/packages/mobile_robot)
[0.844s] DEBUG:colcon.colcon_core.event_handler.log_command:Invoked command in '/home/emre/ws_mobile/build/openslam_gmapping' returned '0': CMAKE_PREFIX_PATH=/home/emre/ws_mobile/install/mobile_robot:/opt/ros/humble:/home/emre/ros2_ws/install/my_rover_description /usr/bin/cmake /home/emre/ws_mobile/src/slam_gmapping_Humble/openslam_gmapping -DCMAKE_INSTALL_PREFIX=/home/emre/ws_mobile/install/openslam_gmapping
[0.844s] DEBUG:colcon.colcon_core.event_handler.log_command:Invoking command in '/home/emre/ws_mobile/build/openslam_gmapping': CMAKE_PREFIX_PATH=/home/emre/ws_mobile/install/mobile_robot:/opt/ros/humble:/home/emre/ros2_ws/install/my_rover_description /usr/bin/cmake --build /home/emre/ws_mobile/build/openslam_gmapping -- -j20 -l20
[3.009s] DEBUG:colcon.colcon_core.event_handler.log_command:Invoked command in '/home/emre/ws_mobile/build/openslam_gmapping' returned '0': CMAKE_PREFIX_PATH=/home/emre/ws_mobile/install/mobile_robot:/opt/ros/humble:/home/emre/ros2_ws/install/my_rover_description /usr/bin/cmake --build /home/emre/ws_mobile/build/openslam_gmapping -- -j20 -l20
[3.010s] DEBUG:colcon.colcon_core.event_handler.log_command:Invoking command in '/home/emre/ws_mobile/build/openslam_gmapping': CMAKE_PREFIX_PATH=/home/emre/ws_mobile/install/mobile_robot:/opt/ros/humble:/home/emre/ros2_ws/install/my_rover_description /usr/bin/cmake --install /home/emre/ws_mobile/build/openslam_gmapping
[3.021s] Level 1:colcon.colcon_core.environment:create_environment_scripts_only(openslam_gmapping)
[3.021s] Level 1:colcon.colcon_core.environment:checking '/home/emre/ws_mobile/install/openslam_gmapping' for CMake module files
[3.021s] DEBUG:colcon.colcon_core.event_handler.log_command:Invoked command in '/home/emre/ws_mobile/build/openslam_gmapping' returned '0': CMAKE_PREFIX_PATH=/home/emre/ws_mobile/install/mobile_robot:/opt/ros/humble:/home/emre/ros2_ws/install/my_rover_description /usr/bin/cmake --install /home/emre/ws_mobile/build/openslam_gmapping
[3.021s] Level 1:colcon.colcon_core.environment:checking '/home/emre/ws_mobile/install/openslam_gmapping' for CMake config files
[3.021s] Level 1:colcon.colcon_core.shell:create_environment_hook('openslam_gmapping', 'cmake_prefix_path')
[3.022s] INFO:colcon.colcon_core.shell:Creating environment hook '/home/emre/ws_mobile/install/openslam_gmapping/share/openslam_gmapping/hook/cmake_prefix_path.ps1'
[3.022s] INFO:colcon.colcon_core.shell:Creating environment descriptor '/home/emre/ws_mobile/install/openslam_gmapping/share/openslam_gmapping/hook/cmake_prefix_path.dsv'
[3.022s] INFO:colcon.colcon_core.shell:Creating environment hook '/home/emre/ws_mobile/install/openslam_gmapping/share/openslam_gmapping/hook/cmake_prefix_path.sh'
[3.022s] Level 1:colcon.colcon_core.environment:checking '/home/emre/ws_mobile/install/openslam_gmapping/lib'
[3.022s] Level 1:colcon.colcon_core.environment:checking '/home/emre/ws_mobile/install/openslam_gmapping/bin'
[3.022s] Level 1:colcon.colcon_core.environment:checking '/home/emre/ws_mobile/install/openslam_gmapping/lib/pkgconfig/openslam_gmapping.pc'
[3.023s] Level 1:colcon.colcon_core.environment:checking '/home/emre/ws_mobile/install/openslam_gmapping/lib/python3.10/site-packages'
[3.023s] Level 1:colcon.colcon_core.environment:checking '/home/emre/ws_mobile/install/openslam_gmapping/bin'
[3.023s] INFO:colcon.colcon_core.shell:Creating package script '/home/emre/ws_mobile/install/openslam_gmapping/share/openslam_gmapping/package.ps1'
[3.023s] INFO:colcon.colcon_core.shell:Creating package descriptor '/home/emre/ws_mobile/install/openslam_gmapping/share/openslam_gmapping/package.dsv'
[3.023s] INFO:colcon.colcon_core.shell:Creating package script '/home/emre/ws_mobile/install/openslam_gmapping/share/openslam_gmapping/package.sh'
[3.023s] INFO:colcon.colcon_core.shell:Creating package script '/home/emre/ws_mobile/install/openslam_gmapping/share/openslam_gmapping/package.bash'
[3.024s] INFO:colcon.colcon_core.shell:Creating package script '/home/emre/ws_mobile/install/openslam_gmapping/share/openslam_gmapping/package.zsh'
[3.024s] Level 1:colcon.colcon_core.environment:create_file_with_runtime_dependencies(/home/emre/ws_mobile/install/openslam_gmapping/share/colcon-core/packages/openslam_gmapping)
[3.024s] Level 1:colcon.colcon_core.environment:create_environment_scripts_only(openslam_gmapping)
[3.024s] Level 1:colcon.colcon_core.environment:checking '/home/emre/ws_mobile/install/openslam_gmapping' for CMake module files
[3.024s] Level 1:colcon.colcon_core.environment:checking '/home/emre/ws_mobile/install/openslam_gmapping' for CMake config files
[3.024s] Level 1:colcon.colcon_core.shell:create_environment_hook('openslam_gmapping', 'cmake_prefix_path')
[3.024s] INFO:colcon.colcon_core.shell:Creating environment hook '/home/emre/ws_mobile/install/openslam_gmapping/share/openslam_gmapping/hook/cmake_prefix_path.ps1'
[3.025s] INFO:colcon.colcon_core.shell:Creating environment descriptor '/home/emre/ws_mobile/install/openslam_gmapping/share/openslam_gmapping/hook/cmake_prefix_path.dsv'
[3.025s] INFO:colcon.colcon_core.shell:Creating environment hook '/home/emre/ws_mobile/install/openslam_gmapping/share/openslam_gmapping/hook/cmake_prefix_path.sh'
[3.025s] Level 1:colcon.colcon_core.environment:checking '/home/emre/ws_mobile/install/openslam_gmapping/lib'
[3.025s] Level 1:colcon.colcon_core.environment:checking '/home/emre/ws_mobile/install/openslam_gmapping/bin'
[3.025s] Level 1:colcon.colcon_core.environment:checking '/home/emre/ws_mobile/install/openslam_gmapping/lib/pkgconfig/openslam_gmapping.pc'
[3.026s] Level 1:colcon.colcon_core.environment:checking '/home/emre/ws_mobile/install/openslam_gmapping/lib/python3.10/site-packages'
[3.026s] Level 1:colcon.colcon_core.environment:checking '/home/emre/ws_mobile/install/openslam_gmapping/bin'
[3.026s] INFO:colcon.colcon_core.shell:Creating package script '/home/emre/ws_mobile/install/openslam_gmapping/share/openslam_gmapping/package.ps1'
[3.026s] INFO:colcon.colcon_core.shell:Creating package descriptor '/home/emre/ws_mobile/install/openslam_gmapping/share/openslam_gmapping/package.dsv'
[3.026s] INFO:colcon.colcon_core.shell:Creating package script '/home/emre/ws_mobile/install/openslam_gmapping/share/openslam_gmapping/package.sh'
[3.026s] INFO:colcon.colcon_core.shell:Creating package script '/home/emre/ws_mobile/install/openslam_gmapping/share/openslam_gmapping/package.bash'
[3.027s] INFO:colcon.colcon_core.shell:Creating package script '/home/emre/ws_mobile/install/openslam_gmapping/share/openslam_gmapping/package.zsh'
[3.027s] Level 1:colcon.colcon_core.environment:create_file_with_runtime_dependencies(/home/emre/ws_mobile/install/openslam_gmapping/share/colcon-core/packages/openslam_gmapping)
[3.027s] INFO:colcon.colcon_ros.task.ament_cmake.build:Building ROS package in '/home/emre/ws_mobile/src/slam_gmapping_Humble/slam_gmapping' with build type 'ament_cmake'
[3.027s] INFO:colcon.colcon_cmake.task.cmake.build:Building CMake package in '/home/emre/ws_mobile/src/slam_gmapping_Humble/slam_gmapping'
[3.027s] INFO:colcon.colcon_core.shell:Skip shell extension 'powershell' for command environment: Not usable outside of PowerShell
[3.027s] DEBUG:colcon.colcon_core.shell:Skip shell extension 'dsv' for command environment
[3.034s] DEBUG:colcon.colcon_core.event_handler.log_command:Invoking command in '/home/emre/ws_mobile/build/slam_gmapping': AMENT_PREFIX_PATH=/home/emre/ws_mobile/install/openslam_gmapping:${AMENT_PREFIX_PATH} CMAKE_PREFIX_PATH=/home/emre/ws_mobile/install/openslam_gmapping:/home/emre/ws_mobile/install/mobile_robot:/opt/ros/humble:/home/emre/ros2_ws/install/my_rover_description LD_LIBRARY_PATH=/home/emre/ws_mobile/install/openslam_gmapping/lib:${LD_LIBRARY_PATH} /usr/bin/cmake /home/emre/ws_mobile/src/slam_gmapping_Humble/slam_gmapping -DCMAKE_INSTALL_PREFIX=/home/emre/ws_mobile/install/slam_gmapping
[3.928s] DEBUG:colcon.colcon_core.event_handler.log_command:Invoked command in '/home/emre/ws_mobile/build/slam_gmapping' returned '0': AMENT_PREFIX_PATH=/home/emre/ws_mobile/install/openslam_gmapping:${AMENT_PREFIX_PATH} CMAKE_PREFIX_PATH=/home/emre/ws_mobile/install/openslam_gmapping:/home/emre/ws_mobile/install/mobile_robot:/opt/ros/humble:/home/emre/ros2_ws/install/my_rover_description LD_LIBRARY_PATH=/home/emre/ws_mobile/install/openslam_gmapping/lib:${LD_LIBRARY_PATH} /usr/bin/cmake /home/emre/ws_mobile/src/slam_gmapping_Humble/slam_gmapping -DCMAKE_INSTALL_PREFIX=/home/emre/ws_mobile/install/slam_gmapping
[3.928s] DEBUG:colcon.colcon_core.event_handler.log_command:Invoking command in '/home/emre/ws_mobile/build/slam_gmapping': AMENT_PREFIX_PATH=/home/emre/ws_mobile/install/openslam_gmapping:${AMENT_PREFIX_PATH} CMAKE_PREFIX_PATH=/home/emre/ws_mobile/install/openslam_gmapping:/home/emre/ws_mobile/install/mobile_robot:/opt/ros/humble:/home/emre/ros2_ws/install/my_rover_description LD_LIBRARY_PATH=/home/emre/ws_mobile/install/openslam_gmapping/lib:${LD_LIBRARY_PATH} /usr/bin/cmake --build /home/emre/ws_mobile/build/slam_gmapping -- -j20 -l20
[13.360s] DEBUG:colcon.colcon_core.event_handler.log_command:Invoked command in '/home/emre/ws_mobile/build/slam_gmapping' returned '0': AMENT_PREFIX_PATH=/home/emre/ws_mobile/install/openslam_gmapping:${AMENT_PREFIX_PATH} CMAKE_PREFIX_PATH=/home/emre/ws_mobile/install/openslam_gmapping:/home/emre/ws_mobile/install/mobile_robot:/opt/ros/humble:/home/emre/ros2_ws/install/my_rover_description LD_LIBRARY_PATH=/home/emre/ws_mobile/install/openslam_gmapping/lib:${LD_LIBRARY_PATH} /usr/bin/cmake --build /home/emre/ws_mobile/build/slam_gmapping -- -j20 -l20
[13.360s] DEBUG:colcon.colcon_core.event_handler.log_command:Invoking command in '/home/emre/ws_mobile/build/slam_gmapping': AMENT_PREFIX_PATH=/home/emre/ws_mobile/install/openslam_gmapping:${AMENT_PREFIX_PATH} CMAKE_PREFIX_PATH=/home/emre/ws_mobile/install/openslam_gmapping:/home/emre/ws_mobile/install/mobile_robot:/opt/ros/humble:/home/emre/ros2_ws/install/my_rover_description LD_LIBRARY_PATH=/home/emre/ws_mobile/install/openslam_gmapping/lib:${LD_LIBRARY_PATH} /usr/bin/cmake --install /home/emre/ws_mobile/build/slam_gmapping
[13.369s] Level 1:colcon.colcon_core.environment:create_environment_scripts_only(slam_gmapping)
[13.369s] DEBUG:colcon.colcon_core.event_handler.log_command:Invoked command in '/home/emre/ws_mobile/build/slam_gmapping' returned '0': AMENT_PREFIX_PATH=/home/emre/ws_mobile/install/openslam_gmapping:${AMENT_PREFIX_PATH} CMAKE_PREFIX_PATH=/home/emre/ws_mobile/install/openslam_gmapping:/home/emre/ws_mobile/install/mobile_robot:/opt/ros/humble:/home/emre/ros2_ws/install/my_rover_description LD_LIBRARY_PATH=/home/emre/ws_mobile/install/openslam_gmapping/lib:${LD_LIBRARY_PATH} /usr/bin/cmake --install /home/emre/ws_mobile/build/slam_gmapping
[13.369s] Level 1:colcon.colcon_core.environment:checking '/home/emre/ws_mobile/install/slam_gmapping' for CMake module files
[13.370s] Level 1:colcon.colcon_core.environment:checking '/home/emre/ws_mobile/install/slam_gmapping' for CMake config files
[13.370s] Level 1:colcon.colcon_core.shell:create_environment_hook('slam_gmapping', 'cmake_prefix_path')
[13.370s] INFO:colcon.colcon_core.shell:Creating environment hook '/home/emre/ws_mobile/install/slam_gmapping/share/slam_gmapping/hook/cmake_prefix_path.ps1'
[13.370s] INFO:colcon.colcon_core.shell:Creating environment descriptor '/home/emre/ws_mobile/install/slam_gmapping/share/slam_gmapping/hook/cmake_prefix_path.dsv'
[13.370s] INFO:colcon.colcon_core.shell:Creating environment hook '/home/emre/ws_mobile/install/slam_gmapping/share/slam_gmapping/hook/cmake_prefix_path.sh'
[13.371s] Level 1:colcon.colcon_core.environment:checking '/home/emre/ws_mobile/install/slam_gmapping/lib'
[13.371s] Level 1:colcon.colcon_core.shell:create_environment_hook('slam_gmapping', 'ld_library_path_lib')
[13.371s] INFO:colcon.colcon_core.shell:Creating environment hook '/home/emre/ws_mobile/install/slam_gmapping/share/slam_gmapping/hook/ld_library_path_lib.ps1'
[13.371s] INFO:colcon.colcon_core.shell:Creating environment descriptor '/home/emre/ws_mobile/install/slam_gmapping/share/slam_gmapping/hook/ld_library_path_lib.dsv'
[13.371s] INFO:colcon.colcon_core.shell:Creating environment hook '/home/emre/ws_mobile/install/slam_gmapping/share/slam_gmapping/hook/ld_library_path_lib.sh'
[13.371s] Level 1:colcon.colcon_core.environment:checking '/home/emre/ws_mobile/install/slam_gmapping/bin'
[13.371s] Level 1:colcon.colcon_core.environment:checking '/home/emre/ws_mobile/install/slam_gmapping/lib/pkgconfig/slam_gmapping.pc'
[13.371s] Level 1:colcon.colcon_core.environment:checking '/home/emre/ws_mobile/install/slam_gmapping/lib/python3.10/site-packages'
[13.371s] Level 1:colcon.colcon_core.environment:checking '/home/emre/ws_mobile/install/slam_gmapping/bin'
[13.372s] INFO:colcon.colcon_core.shell:Creating package script '/home/emre/ws_mobile/install/slam_gmapping/share/slam_gmapping/package.ps1'
[13.372s] INFO:colcon.colcon_core.shell:Creating package descriptor '/home/emre/ws_mobile/install/slam_gmapping/share/slam_gmapping/package.dsv'
[13.372s] INFO:colcon.colcon_core.shell:Creating package script '/home/emre/ws_mobile/install/slam_gmapping/share/slam_gmapping/package.sh'
[13.373s] INFO:colcon.colcon_core.shell:Creating package script '/home/emre/ws_mobile/install/slam_gmapping/share/slam_gmapping/package.bash'
[13.373s] INFO:colcon.colcon_core.shell:Creating package script '/home/emre/ws_mobile/install/slam_gmapping/share/slam_gmapping/package.zsh'
[13.373s] Level 1:colcon.colcon_core.environment:create_file_with_runtime_dependencies(/home/emre/ws_mobile/install/slam_gmapping/share/colcon-core/packages/slam_gmapping)
[13.373s] Level 1:colcon.colcon_core.environment:create_environment_scripts_only(slam_gmapping)
[13.373s] Level 1:colcon.colcon_core.environment:checking '/home/emre/ws_mobile/install/slam_gmapping' for CMake module files
[13.374s] Level 1:colcon.colcon_core.environment:checking '/home/emre/ws_mobile/install/slam_gmapping' for CMake config files
[13.374s] Level 1:colcon.colcon_core.shell:create_environment_hook('slam_gmapping', 'cmake_prefix_path')
[13.374s] INFO:colcon.colcon_core.shell:Creating environment hook '/home/emre/ws_mobile/install/slam_gmapping/share/slam_gmapping/hook/cmake_prefix_path.ps1'
[13.374s] INFO:colcon.colcon_core.shell:Creating environment descriptor '/home/emre/ws_mobile/install/slam_gmapping/share/slam_gmapping/hook/cmake_prefix_path.dsv'
[13.374s] INFO:colcon.colcon_core.shell:Creating environment hook '/home/emre/ws_mobile/install/slam_gmapping/share/slam_gmapping/hook/cmake_prefix_path.sh'
[13.374s] Level 1:colcon.colcon_core.environment:checking '/home/emre/ws_mobile/install/slam_gmapping/lib'
[13.374s] Level 1:colcon.colcon_core.shell:create_environment_hook('slam_gmapping', 'ld_library_path_lib')
[13.375s] INFO:colcon.colcon_core.shell:Creating environment hook '/home/emre/ws_mobile/install/slam_gmapping/share/slam_gmapping/hook/ld_library_path_lib.ps1'
[13.375s] INFO:colcon.colcon_core.shell:Creating environment descriptor '/home/emre/ws_mobile/install/slam_gmapping/share/slam_gmapping/hook/ld_library_path_lib.dsv'
[13.375s] INFO:colcon.colcon_core.shell:Creating environment hook '/home/emre/ws_mobile/install/slam_gmapping/share/slam_gmapping/hook/ld_library_path_lib.sh'
[13.375s] Level 1:colcon.colcon_core.environment:checking '/home/emre/ws_mobile/install/slam_gmapping/bin'
[13.375s] Level 1:colcon.colcon_core.environment:checking '/home/emre/ws_mobile/install/slam_gmapping/lib/pkgconfig/slam_gmapping.pc'
[13.375s] Level 1:colcon.colcon_core.environment:checking '/home/emre/ws_mobile/install/slam_gmapping/lib/python3.10/site-packages'
[13.375s] Level 1:colcon.colcon_core.environment:checking '/home/emre/ws_mobile/install/slam_gmapping/bin'
[13.375s] INFO:colcon.colcon_core.shell:Creating package script '/home/emre/ws_mobile/install/slam_gmapping/share/slam_gmapping/package.ps1'
[13.376s] INFO:colcon.colcon_core.shell:Creating package descriptor '/home/emre/ws_mobile/install/slam_gmapping/share/slam_gmapping/package.dsv'
[13.376s] INFO:colcon.colcon_core.shell:Creating package script '/home/emre/ws_mobile/install/slam_gmapping/share/slam_gmapping/package.sh'
[13.376s] INFO:colcon.colcon_core.shell:Creating package script '/home/emre/ws_mobile/install/slam_gmapping/share/slam_gmapping/package.bash'
[13.376s] INFO:colcon.colcon_core.shell:Creating package script '/home/emre/ws_mobile/install/slam_gmapping/share/slam_gmapping/package.zsh'
[13.377s] Level 1:colcon.colcon_core.environment:create_file_with_runtime_dependencies(/home/emre/ws_mobile/install/slam_gmapping/share/colcon-core/packages/slam_gmapping)
[13.377s] DEBUG:colcon.colcon_parallel_executor.executor.parallel:closing loop
[13.377s] DEBUG:colcon.colcon_parallel_executor.executor.parallel:loop closed
[13.377s] DEBUG:colcon.colcon_parallel_executor.executor.parallel:run_until_complete finished with '0'
[13.377s] DEBUG:colcon.colcon_core.event_reactor:joining thread
[13.381s] INFO:colcon.colcon_core.plugin_system:Skipping extension 'colcon_notification.desktop_notification.terminal_notifier': Not used on non-Darwin systems
[13.381s] INFO:colcon.colcon_core.plugin_system:Skipping extension 'colcon_notification.desktop_notification.win32': Not used on non-Windows systems
[13.381s] INFO:colcon.colcon_notification.desktop_notification:Sending desktop notification using 'notify2'
[13.391s] DEBUG:colcon.colcon_core.event_reactor:joined thread
[13.391s] INFO:colcon.colcon_core.shell:Creating prefix script '/home/emre/ws_mobile/install/local_setup.ps1'
[13.392s] INFO:colcon.colcon_core.shell:Creating prefix util module '/home/emre/ws_mobile/install/_local_setup_util_ps1.py'
[13.393s] INFO:colcon.colcon_core.shell:Creating prefix chain script '/home/emre/ws_mobile/install/setup.ps1'
[13.394s] INFO:colcon.colcon_core.shell:Creating prefix script '/home/emre/ws_mobile/install/local_setup.sh'
[13.394s] INFO:colcon.colcon_core.shell:Creating prefix util module '/home/emre/ws_mobile/install/_local_setup_util_sh.py'
[13.394s] INFO:colcon.colcon_core.shell:Creating prefix chain script '/home/emre/ws_mobile/install/setup.sh'
[13.395s] INFO:colcon.colcon_core.shell:Creating prefix script '/home/emre/ws_mobile/install/local_setup.bash'
[13.395s] INFO:colcon.colcon_core.shell:Creating prefix chain script '/home/emre/ws_mobile/install/setup.bash'
[13.396s] INFO:colcon.colcon_core.shell:Creating prefix script '/home/emre/ws_mobile/install/local_setup.zsh'
[13.396s] INFO:colcon.colcon_core.shell:Creating prefix chain script '/home/emre/ws_mobile/install/setup.zsh'
