[0.009s] Invoking command in '/home/emre/ws_mobile/build/mobile_robot': CMAKE_PREFIX_PATH=/home/emre/ws_mobile/install/mobile_robot:/opt/ros/humble:/home/emre/ros2_ws/install/my_rover_description /usr/bin/cmake --build /home/emre/ws_mobile/build/mobile_robot -- -j20 -l20
[0.035s] Invoked command in '/home/emre/ws_mobile/build/mobile_robot' returned '0': CMAKE_PREFIX_PATH=/home/emre/ws_mobile/install/mobile_robot:/opt/ros/humble:/home/emre/ros2_ws/install/my_rover_description /usr/bin/cmake --build /home/emre/ws_mobile/build/mobile_robot -- -j20 -l20
[0.042s] Invoking command in '/home/emre/ws_mobile/build/mobile_robot': CMAKE_PREFIX_PATH=/home/emre/ws_mobile/install/mobile_robot:/opt/ros/humble:/home/emre/ros2_ws/install/my_rover_description /usr/bin/cmake --install /home/emre/ws_mobile/build/mobile_robot
[0.046s] -- Install configuration: ""
[0.046s] -- Up-to-date: /home/emre/ws_mobile/install/mobile_robot/share/mobile_robot//launch
[0.046s] -- Installing: /home/emre/ws_mobile/install/mobile_robot/share/mobile_robot//launch/gazebo_model.launch.py
[0.046s] -- Up-to-date: /home/emre/ws_mobile/install/mobile_robot/share/mobile_robot//model
[0.046s] -- Up-to-date: /home/emre/ws_mobile/install/mobile_robot/share/mobile_robot//model/robot.gazebo
[0.046s] -- Installing: /home/emre/ws_mobile/install/mobile_robot/share/mobile_robot//model/robot.xacro
[0.047s] -- Up-to-date: /home/emre/ws_mobile/install/mobile_robot/share/ament_index/resource_index/package_run_dependencies/mobile_robot
[0.047s] -- Up-to-date: /home/emre/ws_mobile/install/mobile_robot/share/ament_index/resource_index/parent_prefix_path/mobile_robot
[0.047s] -- Up-to-date: /home/emre/ws_mobile/install/mobile_robot/share/mobile_robot/environment/ament_prefix_path.sh
[0.047s] -- Up-to-date: /home/emre/ws_mobile/install/mobile_robot/share/mobile_robot/environment/ament_prefix_path.dsv
[0.047s] -- Up-to-date: /home/emre/ws_mobile/install/mobile_robot/share/mobile_robot/environment/path.sh
[0.047s] -- Up-to-date: /home/emre/ws_mobile/install/mobile_robot/share/mobile_robot/environment/path.dsv
[0.047s] -- Up-to-date: /home/emre/ws_mobile/install/mobile_robot/share/mobile_robot/local_setup.bash
[0.047s] -- Up-to-date: /home/emre/ws_mobile/install/mobile_robot/share/mobile_robot/local_setup.sh
[0.047s] -- Up-to-date: /home/emre/ws_mobile/install/mobile_robot/share/mobile_robot/local_setup.zsh
[0.047s] -- Up-to-date: /home/emre/ws_mobile/install/mobile_robot/share/mobile_robot/local_setup.dsv
[0.047s] -- Installing: /home/emre/ws_mobile/install/mobile_robot/share/mobile_robot/package.dsv
[0.047s] -- Up-to-date: /home/emre/ws_mobile/install/mobile_robot/share/ament_index/resource_index/packages/mobile_robot
[0.047s] -- Up-to-date: /home/emre/ws_mobile/install/mobile_robot/share/mobile_robot/cmake/mobile_robotConfig.cmake
[0.047s] -- Up-to-date: /home/emre/ws_mobile/install/mobile_robot/share/mobile_robot/cmake/mobile_robotConfig-version.cmake
[0.047s] -- Up-to-date: /home/emre/ws_mobile/install/mobile_robot/share/mobile_robot/package.xml
[0.048s] Invoked command in '/home/emre/ws_mobile/build/mobile_robot' returned '0': CMAKE_PREFIX_PATH=/home/emre/ws_mobile/install/mobile_robot:/opt/ros/humble:/home/emre/ros2_ws/install/my_rover_description /usr/bin/cmake --install /home/emre/ws_mobile/build/mobile_robot
