[0.007s] Invoking command in '/home/emre/ws_mobile/build/mobile_robot': CMAKE_PREFIX_PATH=/opt/ros/humble:${CMAKE_PREFIX_PATH} /usr/bin/cmake --build /home/emre/ws_mobile/build/mobile_robot -- -j20 -l20
[0.022s] -- Found ament_cmake: 1.3.11 (/opt/ros/humble/share/ament_cmake/cmake)
[0.097s] -- Found ament_lint_auto: 0.12.11 (/opt/ros/humble/share/ament_lint_auto/cmake)
[0.139s] -- Added test 'flake8' to check Python code syntax and style conventions
[0.139s] -- Added test 'lint_cmake' to check CMake code style
[0.139s] -- Added test 'pep257' to check Python code against some of the docstring style conventions in PEP 257
[0.140s] -- Added test 'xmllint' to check XML markup files
[0.140s] -- Configuring done
[0.142s] -- Generating done
[0.143s] -- Build files have been written to: /home/emre/ws_mobile/build/mobile_robot
[0.158s] Invoked command in '/home/emre/ws_mobile/build/mobile_robot' returned '0': CMAKE_PREFIX_PATH=/opt/ros/humble:${CMAKE_PREFIX_PATH} /usr/bin/cmake --build /home/emre/ws_mobile/build/mobile_robot -- -j20 -l20
[0.165s] Invoking command in '/home/emre/ws_mobile/build/mobile_robot': CMAKE_PREFIX_PATH=/opt/ros/humble:${CMAKE_PREFIX_PATH} /usr/bin/cmake --install /home/emre/ws_mobile/build/mobile_robot
[0.169s] -- Install configuration: ""
[0.169s] -- Installing: /home/emre/ws_mobile/install/mobile_robot/share/mobile_robot//launch
[0.169s] -- Installing: /home/emre/ws_mobile/install/mobile_robot/share/mobile_robot//launch/gazebo_model.launch.py
[0.169s] -- Installing: /home/emre/ws_mobile/install/mobile_robot/share/mobile_robot//model
[0.169s] -- Installing: /home/emre/ws_mobile/install/mobile_robot/share/mobile_robot//model/robot.gazebo
[0.170s] -- Installing: /home/emre/ws_mobile/install/mobile_robot/share/mobile_robot//model/robot.xacro
[0.170s] -- Installing: /home/emre/ws_mobile/install/mobile_robot/share/ament_index/resource_index/package_run_dependencies/mobile_robot
[0.170s] -- Up-to-date: /home/emre/ws_mobile/install/mobile_robot/share/ament_index/resource_index/parent_prefix_path/mobile_robot
[0.170s] -- Up-to-date: /home/emre/ws_mobile/install/mobile_robot/share/mobile_robot/environment/ament_prefix_path.sh
[0.170s] -- Installing: /home/emre/ws_mobile/install/mobile_robot/share/mobile_robot/environment/ament_prefix_path.dsv
[0.170s] -- Up-to-date: /home/emre/ws_mobile/install/mobile_robot/share/mobile_robot/environment/path.sh
[0.170s] -- Installing: /home/emre/ws_mobile/install/mobile_robot/share/mobile_robot/environment/path.dsv
[0.170s] -- Up-to-date: /home/emre/ws_mobile/install/mobile_robot/share/mobile_robot/local_setup.bash
[0.170s] -- Up-to-date: /home/emre/ws_mobile/install/mobile_robot/share/mobile_robot/local_setup.sh
[0.170s] -- Up-to-date: /home/emre/ws_mobile/install/mobile_robot/share/mobile_robot/local_setup.zsh
[0.170s] -- Installing: /home/emre/ws_mobile/install/mobile_robot/share/mobile_robot/local_setup.dsv
[0.170s] -- Installing: /home/emre/ws_mobile/install/mobile_robot/share/mobile_robot/package.dsv
[0.170s] -- Up-to-date: /home/emre/ws_mobile/install/mobile_robot/share/ament_index/resource_index/packages/mobile_robot
[0.170s] -- Up-to-date: /home/emre/ws_mobile/install/mobile_robot/share/mobile_robot/cmake/mobile_robotConfig.cmake
[0.170s] -- Up-to-date: /home/emre/ws_mobile/install/mobile_robot/share/mobile_robot/cmake/mobile_robotConfig-version.cmake
[0.170s] -- Installing: /home/emre/ws_mobile/install/mobile_robot/share/mobile_robot/package.xml
[0.172s] Invoked command in '/home/emre/ws_mobile/build/mobile_robot' returned '0': CMAKE_PREFIX_PATH=/opt/ros/humble:${CMAKE_PREFIX_PATH} /usr/bin/cmake --install /home/emre/ws_mobile/build/mobile_robot
