[0.007s] Invoking command in '/home/emre/ws_mobile/build/slam_gmapping': AMENT_PREFIX_PATH=/home/emre/ws_mobile/install/openslam_gmapping:${AMENT_PREFIX_PATH} CMAKE_PREFIX_PATH=/home/emre/ws_mobile/install/openslam_gmapping:/home/emre/ws_mobile/install/mobile_robot:/opt/ros/humble:/home/emre/ros2_ws/install/my_rover_description LD_LIBRARY_PATH=/home/emre/ws_mobile/install/openslam_gmapping/lib:${LD_LIBRARY_PATH} /usr/bin/cmake /home/emre/ws_mobile/src/slam_gmapping_Humble/slam_gmapping -DCMAKE_INSTALL_PREFIX=/home/emre/ws_mobile/install/slam_gmapping
[0.044s] -- The C compiler identification is GNU 11.4.0
[0.081s] -- The CXX compiler identification is GNU 11.4.0
[0.086s] -- Detecting C compiler ABI info
[0.137s] -- Detecting C compiler ABI info - done
[0.141s] -- Check for working C compiler: /usr/bin/cc - skipped
[0.141s] -- Detecting C compile features
[0.141s] -- Detecting C compile features - done
[0.143s] -- Detecting CXX compiler ABI info
[0.196s] -- Detecting CXX compiler ABI info - done
[0.201s] -- Check for working CXX compiler: /usr/bin/c++ - skipped
[0.201s] -- Detecting CXX compile features
[0.201s] -- Detecting CXX compile features - done
[0.202s] -- Found ament_cmake: 1.3.12 (/opt/ros/humble/share/ament_cmake/cmake)
[0.301s] -- Found Python3: /usr/bin/python3 (found version "3.10.12") found components: Interpreter 
[0.365s] -- Found std_msgs: 4.9.0 (/opt/ros/humble/share/std_msgs/cmake)
[0.391s] -- Found rosidl_generator_c: 3.1.7 (/opt/ros/humble/share/rosidl_generator_c/cmake)
[0.394s] -- Found rosidl_adapter: 3.1.7 (/opt/ros/humble/share/rosidl_adapter/cmake)
[0.399s] -- Found rosidl_generator_cpp: 3.1.7 (/opt/ros/humble/share/rosidl_generator_cpp/cmake)
[0.408s] -- Using all available rosidl_typesupport_c: rosidl_typesupport_fastrtps_c;rosidl_typesupport_introspection_c
[0.418s] -- Using all available rosidl_typesupport_cpp: rosidl_typesupport_fastrtps_cpp;rosidl_typesupport_introspection_cpp
[0.434s] -- Found nav_msgs: 4.9.0 (/opt/ros/humble/share/nav_msgs/cmake)
[0.455s] -- Found tf2: 0.25.16 (/opt/ros/humble/share/tf2/cmake)
[0.463s] -- Found tf2_ros: 0.25.16 (/opt/ros/humble/share/tf2_ros/cmake)
[0.503s] -- Found rmw_implementation_cmake: 6.1.2 (/opt/ros/humble/share/rmw_implementation_cmake/cmake)
[0.505s] -- Found rmw_fastrtps_cpp: 6.2.8 (/opt/ros/humble/share/rmw_fastrtps_cpp/cmake)
[0.570s] -- Found OpenSSL: /usr/lib/x86_64-linux-gnu/libcrypto.so (found version "3.0.2")  
[0.588s] -- Found FastRTPS: /opt/ros/humble/include  
[0.615s] -- Using RMW implementation 'rmw_fastrtps_cpp' as default
[0.621s] -- Looking for pthread.h
[0.672s] -- Looking for pthread.h - found
[0.672s] -- Performing Test CMAKE_HAVE_LIBC_PTHREAD
[0.726s] -- Performing Test CMAKE_HAVE_LIBC_PTHREAD - Success
[0.727s] -- Found Threads: TRUE  
[0.792s] -- Found tf2_geometry_msgs: 0.25.16 (/opt/ros/humble/share/tf2_geometry_msgs/cmake)
[0.802s] -- Found eigen3_cmake_module: 0.1.1 (/opt/ros/humble/share/eigen3_cmake_module/cmake)
[0.802s] -- Found Eigen3: TRUE (found version "3.4.0") 
[0.803s] -- Ensuring Eigen3 include directory is part of orocos-kdl CMake target
[0.805s] -- Found sensor_msgs: 4.9.0 (/opt/ros/humble/share/sensor_msgs/cmake)
[0.815s] -- Found visualization_msgs: 4.9.0 (/opt/ros/humble/share/visualization_msgs/cmake)
[0.826s] -- Found openslam_gmapping: 0.1.2 (/home/emre/ws_mobile/install/openslam_gmapping/share/openslam_gmapping/cmake)
[0.828s] -- Found ament_lint_auto: 0.12.14 (/opt/ros/humble/share/ament_lint_auto/cmake)
[0.879s] -- Added test 'cppcheck' to perform static code analysis on C / C++ code
[0.879s] -- Configured cppcheck include dirs: $<BUILD_INTERFACE:/home/emre/ws_mobile/src/slam_gmapping_Humble/slam_gmapping/include>
[0.879s] -- Configured cppcheck exclude dirs and/or files: 
[0.879s] -- Added test 'flake8' to check Python code syntax and style conventions
[0.879s] -- Added test 'lint_cmake' to check CMake code style
[0.880s] -- Added test 'pep257' to check Python code against some of the docstring style conventions in PEP 257
[0.880s] -- Added test 'uncrustify' to check C / C++ code style
[0.880s] -- Configured uncrustify additional arguments: 
[0.880s] -- Added test 'xmllint' to check XML markup files
[0.881s] -- Configuring done
[0.890s] -- Generating done
[0.893s] -- Build files have been written to: /home/emre/ws_mobile/build/slam_gmapping
[0.900s] Invoked command in '/home/emre/ws_mobile/build/slam_gmapping' returned '0': AMENT_PREFIX_PATH=/home/emre/ws_mobile/install/openslam_gmapping:${AMENT_PREFIX_PATH} CMAKE_PREFIX_PATH=/home/emre/ws_mobile/install/openslam_gmapping:/home/emre/ws_mobile/install/mobile_robot:/opt/ros/humble:/home/emre/ros2_ws/install/my_rover_description LD_LIBRARY_PATH=/home/emre/ws_mobile/install/openslam_gmapping/lib:${LD_LIBRARY_PATH} /usr/bin/cmake /home/emre/ws_mobile/src/slam_gmapping_Humble/slam_gmapping -DCMAKE_INSTALL_PREFIX=/home/emre/ws_mobile/install/slam_gmapping
[0.901s] Invoking command in '/home/emre/ws_mobile/build/slam_gmapping': AMENT_PREFIX_PATH=/home/emre/ws_mobile/install/openslam_gmapping:${AMENT_PREFIX_PATH} CMAKE_PREFIX_PATH=/home/emre/ws_mobile/install/openslam_gmapping:/home/emre/ws_mobile/install/mobile_robot:/opt/ros/humble:/home/emre/ros2_ws/install/my_rover_description LD_LIBRARY_PATH=/home/emre/ws_mobile/install/openslam_gmapping/lib:${LD_LIBRARY_PATH} /usr/bin/cmake --build /home/emre/ws_mobile/build/slam_gmapping -- -j20 -l20
[0.938s] [ 25%] [32mBuilding CXX object CMakeFiles/slam_gmapping_node.dir/rclcpp_components/node_main_slam_gmapping_node.cpp.o[0m
[0.939s] [ 50%] [32mBuilding CXX object CMakeFiles/slam_gmapping.dir/src/slam_gmapping.cpp.o[0m
[2.472s] In file included from [01m[K/home/emre/ws_mobile/install/openslam_gmapping/include/gmapping/gridfastslam/gridslamprocessor.h:9[m[K,
[2.472s]                  from [01m[K/home/emre/ws_mobile/src/slam_gmapping_Humble/slam_gmapping/include/slam_gmapping/slam_gmapping.h:45[m[K,
[2.472s]                  from [01m[K/home/emre/ws_mobile/src/slam_gmapping_Humble/slam_gmapping/src/slam_gmapping.cpp:24[m[K:
[2.472s] [01m[K/home/emre/ws_mobile/install/openslam_gmapping/include/gmapping/particlefilter/particlefilter.h:[m[K In function ‘[01m[Kvoid rle(OutputIterator&, const Iterator&, const Iterator&)[m[K’:
[2.472s] [01m[K/home/emre/ws_mobile/install/openslam_gmapping/include/gmapping/particlefilter/particlefilter.h:140:9:[m[K [01;35m[Kwarning: [m[Kthis ‘[01m[Kif[m[K’ clause does not guard... [[01;35m[K]8;;https://gcc.gnu.org/onlinedocs/gcc/Warning-Options.html#index-Wmisleading-indentation-Wmisleading-indentation]8;;[m[K]
[2.472s]   140 |         [01;35m[Kif[m[K (count>0)
[2.472s]       |         [01;35m[K^~[m[K
[2.473s] [01m[K/home/emre/ws_mobile/install/openslam_gmapping/include/gmapping/particlefilter/particlefilter.h:142:17:[m[K [01;36m[Knote: [m[K...this statement, but the latter is misleadingly indented as if it were guarded by the ‘[01m[Kif[m[K’
[2.473s]   142 |                 [01;36m[Kout[m[K++;
[2.473s]       |                 [01;36m[K^~~[m[K
[2.487s] In file included from [01m[K/home/emre/ws_mobile/install/openslam_gmapping/include/gmapping/scanmatcher/scanmatcher.h:5[m[K,
[2.487s]                  from [01m[K/home/emre/ws_mobile/install/openslam_gmapping/include/gmapping/gridfastslam/gridslamprocessor.h:15[m[K,
[2.487s]                  from [01m[K/home/emre/ws_mobile/src/slam_gmapping_Humble/slam_gmapping/include/slam_gmapping/slam_gmapping.h:45[m[K,
[2.487s]                  from [01m[K/home/emre/ws_mobile/src/slam_gmapping_Humble/slam_gmapping/src/slam_gmapping.cpp:24[m[K:
[2.487s] [01m[K/home/emre/ws_mobile/install/openslam_gmapping/include/gmapping/scanmatcher/smmap.h:[m[K In constructor ‘[01m[KGMapping::PointAccumulator::PointAccumulator(int)[m[K’:
[2.487s] [01m[K/home/emre/ws_mobile/install/openslam_gmapping/include/gmapping/scanmatcher/smmap.h:17:30:[m[K [01;35m[Kwarning: [m[Kunused parameter ‘[01m[Ki[m[K’ [[01;35m[K]8;;https://gcc.gnu.org/onlinedocs/gcc/Warning-Options.html#index-Wunused-parameter-Wunused-parameter]8;;[m[K]
[2.487s]    17 |         PointAccumulator([01;35m[Kint i[m[K): acc(0,0), n(0), visits(0){assert(i==-1);}
[2.487s]       |                          [01;35m[K~~~~^[m[K
[2.893s] [ 75%] [32m[1mLinking CXX executable slam_gmapping_node[0m
[2.959s] [ 75%] Built target slam_gmapping_node
[10.204s] [100%] [32m[1mLinking CXX shared library libslam_gmapping.so[0m
[10.325s] [100%] Built target slam_gmapping
[10.332s] Invoked command in '/home/emre/ws_mobile/build/slam_gmapping' returned '0': AMENT_PREFIX_PATH=/home/emre/ws_mobile/install/openslam_gmapping:${AMENT_PREFIX_PATH} CMAKE_PREFIX_PATH=/home/emre/ws_mobile/install/openslam_gmapping:/home/emre/ws_mobile/install/mobile_robot:/opt/ros/humble:/home/emre/ros2_ws/install/my_rover_description LD_LIBRARY_PATH=/home/emre/ws_mobile/install/openslam_gmapping/lib:${LD_LIBRARY_PATH} /usr/bin/cmake --build /home/emre/ws_mobile/build/slam_gmapping -- -j20 -l20
[10.333s] Invoking command in '/home/emre/ws_mobile/build/slam_gmapping': AMENT_PREFIX_PATH=/home/emre/ws_mobile/install/openslam_gmapping:${AMENT_PREFIX_PATH} CMAKE_PREFIX_PATH=/home/emre/ws_mobile/install/openslam_gmapping:/home/emre/ws_mobile/install/mobile_robot:/opt/ros/humble:/home/emre/ros2_ws/install/my_rover_description LD_LIBRARY_PATH=/home/emre/ws_mobile/install/openslam_gmapping/lib:${LD_LIBRARY_PATH} /usr/bin/cmake --install /home/emre/ws_mobile/build/slam_gmapping
[10.339s] -- Install configuration: "Release"
[10.339s] -- Installing: /home/emre/ws_mobile/install/slam_gmapping/lib/slam_gmapping/slam_gmapping_node
[10.339s] -- Set runtime path of "/home/emre/ws_mobile/install/slam_gmapping/lib/slam_gmapping/slam_gmapping_node" to ""
[10.339s] -- Installing: /home/emre/ws_mobile/install/slam_gmapping/lib/libslam_gmapping.so
[10.340s] -- Set runtime path of "/home/emre/ws_mobile/install/slam_gmapping/lib/libslam_gmapping.so" to ""
[10.340s] -- Installing: /home/emre/ws_mobile/install/slam_gmapping/share/slam_gmapping/launch
[10.340s] -- Installing: /home/emre/ws_mobile/install/slam_gmapping/share/slam_gmapping/launch/slam_gmapping.launch.py
[10.340s] -- Installing: /home/emre/ws_mobile/install/slam_gmapping/share/slam_gmapping/config
[10.340s] -- Installing: /home/emre/ws_mobile/install/slam_gmapping/share/slam_gmapping/config/slam_gmapping.yaml
[10.340s] -- Installing: /home/emre/ws_mobile/install/slam_gmapping/share/ament_index/resource_index/package_run_dependencies/slam_gmapping
[10.340s] -- Installing: /home/emre/ws_mobile/install/slam_gmapping/share/ament_index/resource_index/parent_prefix_path/slam_gmapping
[10.340s] -- Installing: /home/emre/ws_mobile/install/slam_gmapping/share/slam_gmapping/environment/ament_prefix_path.sh
[10.340s] -- Installing: /home/emre/ws_mobile/install/slam_gmapping/share/slam_gmapping/environment/ament_prefix_path.dsv
[10.340s] -- Installing: /home/emre/ws_mobile/install/slam_gmapping/share/slam_gmapping/environment/path.sh
[10.340s] -- Installing: /home/emre/ws_mobile/install/slam_gmapping/share/slam_gmapping/environment/path.dsv
[10.340s] -- Installing: /home/emre/ws_mobile/install/slam_gmapping/share/slam_gmapping/local_setup.bash
[10.340s] -- Installing: /home/emre/ws_mobile/install/slam_gmapping/share/slam_gmapping/local_setup.sh
[10.340s] -- Installing: /home/emre/ws_mobile/install/slam_gmapping/share/slam_gmapping/local_setup.zsh
[10.340s] -- Installing: /home/emre/ws_mobile/install/slam_gmapping/share/slam_gmapping/local_setup.dsv
[10.340s] -- Installing: /home/emre/ws_mobile/install/slam_gmapping/share/slam_gmapping/package.dsv
[10.340s] -- Installing: /home/emre/ws_mobile/install/slam_gmapping/share/ament_index/resource_index/packages/slam_gmapping
[10.341s] -- Installing: /home/emre/ws_mobile/install/slam_gmapping/share/ament_index/resource_index/rclcpp_components/slam_gmapping
[10.341s] -- Installing: /home/emre/ws_mobile/install/slam_gmapping/share/slam_gmapping/cmake/slam_gmappingConfig.cmake
[10.341s] -- Installing: /home/emre/ws_mobile/install/slam_gmapping/share/slam_gmapping/cmake/slam_gmappingConfig-version.cmake
[10.341s] -- Installing: /home/emre/ws_mobile/install/slam_gmapping/share/slam_gmapping/package.xml
[10.342s] Invoked command in '/home/emre/ws_mobile/build/slam_gmapping' returned '0': AMENT_PREFIX_PATH=/home/emre/ws_mobile/install/openslam_gmapping:${AMENT_PREFIX_PATH} CMAKE_PREFIX_PATH=/home/emre/ws_mobile/install/openslam_gmapping:/home/emre/ws_mobile/install/mobile_robot:/opt/ros/humble:/home/emre/ros2_ws/install/my_rover_description LD_LIBRARY_PATH=/home/emre/ws_mobile/install/openslam_gmapping/lib:${LD_LIBRARY_PATH} /usr/bin/cmake --install /home/emre/ws_mobile/build/slam_gmapping
