[0.008s] Invoking command in '/home/emre/ws_mobile/build/openslam_gmapping': CMAKE_PREFIX_PATH=/home/emre/ws_mobile/install/slam_gmapping:/home/emre/ws_mobile/install/openslam_gmapping:/home/emre/ws_mobile/install/mobile_robot:/opt/ros/humble:/home/emre/ros2_ws/install/my_rover_description /usr/bin/cmake --build /home/emre/ws_mobile/build/openslam_gmapping -- -j20 -l20
[0.047s] [ 13%] Built target sensor_base
[0.049s] [ 27%] Built target utils
[0.062s] [ 40%] Built target sensor_range
[0.063s] [ 54%] Built target sensor_odometry
[0.079s] [ 77%] Built target scanmatcher
[0.097s] [100%] Built target gridfastslam
[0.105s] Invoked command in '/home/emre/ws_mobile/build/openslam_gmapping' returned '0': CMAKE_PREFIX_PATH=/home/emre/ws_mobile/install/slam_gmapping:/home/emre/ws_mobile/install/openslam_gmapping:/home/emre/ws_mobile/install/mobile_robot:/opt/ros/humble:/home/emre/ros2_ws/install/my_rover_description /usr/bin/cmake --build /home/emre/ws_mobile/build/openslam_gmapping -- -j20 -l20
[0.107s] Invoking command in '/home/emre/ws_mobile/build/openslam_gmapping': CMAKE_PREFIX_PATH=/home/emre/ws_mobile/install/slam_gmapping:/home/emre/ws_mobile/install/openslam_gmapping:/home/emre/ws_mobile/install/mobile_robot:/opt/ros/humble:/home/emre/ros2_ws/install/my_rover_description /usr/bin/cmake --install /home/emre/ws_mobile/build/openslam_gmapping
[0.112s] -- Install configuration: "Release"
[0.112s] -- Up-to-date: /home/emre/ws_mobile/install/openslam_gmapping/share/openslam_gmapping/environment/library_path.sh
[0.112s] -- Up-to-date: /home/emre/ws_mobile/install/openslam_gmapping/share/openslam_gmapping/environment/library_path.dsv
[0.113s] -- Up-to-date: /home/emre/ws_mobile/install/openslam_gmapping/include/
[0.113s] -- Up-to-date: /home/emre/ws_mobile/install/openslam_gmapping/include//gmapping
[0.113s] -- Up-to-date: /home/emre/ws_mobile/install/openslam_gmapping/include//gmapping/grid
[0.113s] -- Up-to-date: /home/emre/ws_mobile/install/openslam_gmapping/include//gmapping/grid/array2d.h
[0.113s] -- Up-to-date: /home/emre/ws_mobile/install/openslam_gmapping/include//gmapping/grid/accessstate.h
[0.113s] -- Up-to-date: /home/emre/ws_mobile/install/openslam_gmapping/include//gmapping/grid/map.h
[0.113s] -- Up-to-date: /home/emre/ws_mobile/install/openslam_gmapping/include//gmapping/grid/harray2d.h
[0.113s] -- Up-to-date: /home/emre/ws_mobile/install/openslam_gmapping/include//gmapping/scanmatcher
[0.113s] -- Up-to-date: /home/emre/ws_mobile/install/openslam_gmapping/include//gmapping/scanmatcher/scanmatcher.h
[0.113s] -- Up-to-date: /home/emre/ws_mobile/install/openslam_gmapping/include//gmapping/scanmatcher/icp.h
[0.113s] -- Up-to-date: /home/emre/ws_mobile/install/openslam_gmapping/include//gmapping/scanmatcher/smmap.h
[0.113s] -- Up-to-date: /home/emre/ws_mobile/install/openslam_gmapping/include//gmapping/utils
[0.113s] -- Up-to-date: /home/emre/ws_mobile/install/openslam_gmapping/include//gmapping/utils/stat.h
[0.113s] -- Up-to-date: /home/emre/ws_mobile/install/openslam_gmapping/include//gmapping/utils/point.h
[0.114s] -- Up-to-date: /home/emre/ws_mobile/install/openslam_gmapping/include//gmapping/utils/macro_params.h
[0.114s] -- Up-to-date: /home/emre/ws_mobile/install/openslam_gmapping/include//gmapping/utils/commandline.h
[0.114s] -- Up-to-date: /home/emre/ws_mobile/install/openslam_gmapping/include//gmapping/utils/gvalues.h
[0.114s] -- Up-to-date: /home/emre/ws_mobile/install/openslam_gmapping/include//gmapping/utils/autoptr.h
[0.114s] -- Up-to-date: /home/emre/ws_mobile/install/openslam_gmapping/include//gmapping/gridfastslam
[0.114s] -- Up-to-date: /home/emre/ws_mobile/install/openslam_gmapping/include//gmapping/gridfastslam/gridslamprocessor.hxx
[0.114s] -- Up-to-date: /home/emre/ws_mobile/install/openslam_gmapping/include//gmapping/gridfastslam/gridslamprocessor.h
[0.114s] -- Up-to-date: /home/emre/ws_mobile/install/openslam_gmapping/include//gmapping/gridfastslam/motionmodel.h
[0.114s] -- Up-to-date: /home/emre/ws_mobile/install/openslam_gmapping/include//gmapping/particlefilter
[0.114s] -- Up-to-date: /home/emre/ws_mobile/install/openslam_gmapping/include//gmapping/particlefilter/particlefilter.h
[0.114s] -- Up-to-date: /home/emre/ws_mobile/install/openslam_gmapping/include//gmapping/log
[0.114s] -- Up-to-date: /home/emre/ws_mobile/install/openslam_gmapping/include//gmapping/log/sensorlog.h
[0.114s] -- Up-to-date: /home/emre/ws_mobile/install/openslam_gmapping/include//gmapping/log/configuration.h
[0.114s] -- Up-to-date: /home/emre/ws_mobile/install/openslam_gmapping/include//gmapping/sensor
[0.114s] -- Up-to-date: /home/emre/ws_mobile/install/openslam_gmapping/include//gmapping/sensor/sensor_base
[0.114s] -- Up-to-date: /home/emre/ws_mobile/install/openslam_gmapping/include//gmapping/sensor/sensor_base/sensor.h
[0.115s] -- Up-to-date: /home/emre/ws_mobile/install/openslam_gmapping/include//gmapping/sensor/sensor_base/sensorreading.h
[0.115s] -- Up-to-date: /home/emre/ws_mobile/install/openslam_gmapping/include//gmapping/sensor/sensor_odometry
[0.115s] -- Up-to-date: /home/emre/ws_mobile/install/openslam_gmapping/include//gmapping/sensor/sensor_odometry/odometrysensor.h
[0.115s] -- Up-to-date: /home/emre/ws_mobile/install/openslam_gmapping/include//gmapping/sensor/sensor_odometry/odometryreading.h
[0.115s] -- Up-to-date: /home/emre/ws_mobile/install/openslam_gmapping/include//gmapping/sensor/sensor_range
[0.115s] -- Up-to-date: /home/emre/ws_mobile/install/openslam_gmapping/include//gmapping/sensor/sensor_range/rangereading.h
[0.115s] -- Up-to-date: /home/emre/ws_mobile/install/openslam_gmapping/include//gmapping/sensor/sensor_range/rangesensor.h
[0.115s] -- Up-to-date: /home/emre/ws_mobile/install/openslam_gmapping/share/ament_index/resource_index/package_run_dependencies/openslam_gmapping
[0.115s] -- Up-to-date: /home/emre/ws_mobile/install/openslam_gmapping/share/ament_index/resource_index/parent_prefix_path/openslam_gmapping
[0.115s] -- Up-to-date: /home/emre/ws_mobile/install/openslam_gmapping/share/openslam_gmapping/environment/ament_prefix_path.sh
[0.115s] -- Up-to-date: /home/emre/ws_mobile/install/openslam_gmapping/share/openslam_gmapping/environment/ament_prefix_path.dsv
[0.115s] -- Up-to-date: /home/emre/ws_mobile/install/openslam_gmapping/share/openslam_gmapping/environment/path.sh
[0.115s] -- Up-to-date: /home/emre/ws_mobile/install/openslam_gmapping/share/openslam_gmapping/environment/path.dsv
[0.115s] -- Up-to-date: /home/emre/ws_mobile/install/openslam_gmapping/share/openslam_gmapping/local_setup.bash
[0.115s] -- Up-to-date: /home/emre/ws_mobile/install/openslam_gmapping/share/openslam_gmapping/local_setup.sh
[0.116s] -- Up-to-date: /home/emre/ws_mobile/install/openslam_gmapping/share/openslam_gmapping/local_setup.zsh
[0.116s] -- Up-to-date: /home/emre/ws_mobile/install/openslam_gmapping/share/openslam_gmapping/local_setup.dsv
[0.116s] -- Installing: /home/emre/ws_mobile/install/openslam_gmapping/share/openslam_gmapping/package.dsv
[0.116s] -- Up-to-date: /home/emre/ws_mobile/install/openslam_gmapping/share/ament_index/resource_index/packages/openslam_gmapping
[0.116s] -- Up-to-date: /home/emre/ws_mobile/install/openslam_gmapping/share/openslam_gmapping/cmake/ament_cmake_export_libraries-extras.cmake
[0.116s] -- Up-to-date: /home/emre/ws_mobile/install/openslam_gmapping/share/openslam_gmapping/cmake/ament_cmake_export_include_directories-extras.cmake
[0.116s] -- Up-to-date: /home/emre/ws_mobile/install/openslam_gmapping/share/openslam_gmapping/cmake/openslam_gmappingConfig.cmake
[0.116s] -- Up-to-date: /home/emre/ws_mobile/install/openslam_gmapping/share/openslam_gmapping/cmake/openslam_gmappingConfig-version.cmake
[0.116s] -- Up-to-date: /home/emre/ws_mobile/install/openslam_gmapping/share/openslam_gmapping/package.xml
[0.116s] -- Up-to-date: /home/emre/ws_mobile/install/openslam_gmapping/lib/libgridfastslam.a
[0.116s] -- Up-to-date: /home/emre/ws_mobile/install/openslam_gmapping/lib/libscanmatcher.a
[0.116s] -- Up-to-date: /home/emre/ws_mobile/install/openslam_gmapping/share/openslam_gmapping/environment/library_path.sh
[0.116s] -- Up-to-date: /home/emre/ws_mobile/install/openslam_gmapping/share/openslam_gmapping/environment/library_path.dsv
[0.117s] -- Up-to-date: /home/emre/ws_mobile/install/openslam_gmapping/lib/libsensor_base.a
[0.117s] -- Up-to-date: /home/emre/ws_mobile/install/openslam_gmapping/share/openslam_gmapping/environment/library_path.sh
[0.117s] -- Up-to-date: /home/emre/ws_mobile/install/openslam_gmapping/share/openslam_gmapping/environment/library_path.dsv
[0.117s] -- Up-to-date: /home/emre/ws_mobile/install/openslam_gmapping/lib/libsensor_odometry.a
[0.117s] -- Up-to-date: /home/emre/ws_mobile/install/openslam_gmapping/lib/libsensor_range.a
[0.117s] -- Up-to-date: /home/emre/ws_mobile/install/openslam_gmapping/lib/libutils.a
[0.117s] -- Up-to-date: /home/emre/ws_mobile/install/openslam_gmapping/share/openslam_gmapping/environment/library_path.sh
[0.117s] -- Up-to-date: /home/emre/ws_mobile/install/openslam_gmapping/share/openslam_gmapping/environment/library_path.dsv
[0.118s] Invoked command in '/home/emre/ws_mobile/build/openslam_gmapping' returned '0': CMAKE_PREFIX_PATH=/home/emre/ws_mobile/install/slam_gmapping:/home/emre/ws_mobile/install/openslam_gmapping:/home/emre/ws_mobile/install/mobile_robot:/opt/ros/humble:/home/emre/ros2_ws/install/my_rover_description /usr/bin/cmake --install /home/emre/ws_mobile/build/openslam_gmapping
