-- Install configuration: ""
-- Up-to-date: /home/emre/ws_mobile/install/mobile_robot/share/mobile_robot//launch
-- Installing: /home/emre/ws_mobile/install/mobile_robot/share/mobile_robot//launch/rtabmap.launch.py
-- Installing: /home/emre/ws_mobile/install/mobile_robot/share/mobile_robot//launch/gmapping.launch.py
-- Installing: /home/emre/ws_mobile/install/mobile_robot/share/mobile_robot//launch/slam_toolbox.launch.py
-- Installing: /home/emre/ws_mobile/install/mobile_robot/share/mobile_robot//launch/hector.launch.py
-- Installing: /home/emre/ws_mobile/install/mobile_robot/share/mobile_robot//launch/cartographer.launch.py
-- Up-to-date: /home/emre/ws_mobile/install/mobile_robot/share/mobile_robot//launch/gazebo_model.launch.py
-- Up-to-date: /home/emre/ws_mobile/install/mobile_robot/share/mobile_robot//model
-- Up-to-date: /home/emre/ws_mobile/install/mobile_robot/share/mobile_robot//model/robot.gazebo
-- Up-to-date: /home/emre/ws_mobile/install/mobile_robot/share/mobile_robot//model/robot.xacro
-- Up-to-date: /home/emre/ws_mobile/install/mobile_robot/share/mobile_robot//worlds
-- Up-to-date: /home/emre/ws_mobile/install/mobile_robot/share/mobile_robot//worlds/testworld.world
-- Up-to-date: /home/emre/ws_mobile/install/mobile_robot/share/mobile_robot//config
-- Installing: /home/emre/ws_mobile/install/mobile_robot/share/mobile_robot//config/hector.yaml
-- Installing: /home/emre/ws_mobile/install/mobile_robot/share/mobile_robot//config/rtabmap.yaml
-- Installing: /home/emre/ws_mobile/install/mobile_robot/share/mobile_robot//config/gmapping.yaml
-- Installing: /home/emre/ws_mobile/install/mobile_robot/share/mobile_robot//config/cartographer
-- Installing: /home/emre/ws_mobile/install/mobile_robot/share/mobile_robot//config/cartographer/cartographer.lua
-- Installing: /home/emre/ws_mobile/install/mobile_robot/share/mobile_robot//config/slam.yaml
-- Up-to-date: /home/emre/ws_mobile/install/mobile_robot/share/ament_index/resource_index/package_run_dependencies/mobile_robot
-- Up-to-date: /home/emre/ws_mobile/install/mobile_robot/share/ament_index/resource_index/parent_prefix_path/mobile_robot
-- Installing: /home/emre/ws_mobile/install/mobile_robot/share/mobile_robot/environment/ament_prefix_path.sh
-- Up-to-date: /home/emre/ws_mobile/install/mobile_robot/share/mobile_robot/environment/ament_prefix_path.dsv
-- Installing: /home/emre/ws_mobile/install/mobile_robot/share/mobile_robot/environment/path.sh
-- Up-to-date: /home/emre/ws_mobile/install/mobile_robot/share/mobile_robot/environment/path.dsv
-- Up-to-date: /home/emre/ws_mobile/install/mobile_robot/share/mobile_robot/local_setup.bash
-- Up-to-date: /home/emre/ws_mobile/install/mobile_robot/share/mobile_robot/local_setup.sh
-- Up-to-date: /home/emre/ws_mobile/install/mobile_robot/share/mobile_robot/local_setup.zsh
-- Up-to-date: /home/emre/ws_mobile/install/mobile_robot/share/mobile_robot/local_setup.dsv
-- Up-to-date: /home/emre/ws_mobile/install/mobile_robot/share/mobile_robot/package.dsv
-- Up-to-date: /home/emre/ws_mobile/install/mobile_robot/share/ament_index/resource_index/packages/mobile_robot
-- Up-to-date: /home/emre/ws_mobile/install/mobile_robot/share/mobile_robot/cmake/mobile_robotConfig.cmake
-- Up-to-date: /home/emre/ws_mobile/install/mobile_robot/share/mobile_robot/cmake/mobile_robotConfig-version.cmake
-- Up-to-date: /home/emre/ws_mobile/install/mobile_robot/share/mobile_robot/package.xml
