[0.007s] Invoking command in '/home/emre/ws_mobile/build/mobile_robot': CMAKE_PREFIX_PATH=/home/emre/ws_mobile/install/mobile_robot:/opt/ros/humble:/home/emre/ros2_ws/install/my_rover_description /usr/bin/cmake --build /home/emre/ws_mobile/build/mobile_robot -- -j20 -l20
[0.025s] -- Found ament_cmake: 1.3.11 (/opt/ros/humble/share/ament_cmake/cmake)
[0.108s] -- Found ament_lint_auto: 0.12.11 (/opt/ros/humble/share/ament_lint_auto/cmake)
[0.151s] -- Added test 'flake8' to check Python code syntax and style conventions
[0.151s] -- Added test 'lint_cmake' to check CMake code style
[0.151s] -- Added test 'pep257' to check Python code against some of the docstring style conventions in PEP 257
[0.152s] -- Added test 'xmllint' to check XML markup files
[0.152s] -- Configuring done
[0.155s] -- Generating done
[0.156s] -- Build files have been written to: /home/emre/ws_mobile/build/mobile_robot
[0.172s] Invoked command in '/home/emre/ws_mobile/build/mobile_robot' returned '0': CMAKE_PREFIX_PATH=/home/emre/ws_mobile/install/mobile_robot:/opt/ros/humble:/home/emre/ros2_ws/install/my_rover_description /usr/bin/cmake --build /home/emre/ws_mobile/build/mobile_robot -- -j20 -l20
[0.178s] Invoking command in '/home/emre/ws_mobile/build/mobile_robot': CMAKE_PREFIX_PATH=/home/emre/ws_mobile/install/mobile_robot:/opt/ros/humble:/home/emre/ros2_ws/install/my_rover_description /usr/bin/cmake --install /home/emre/ws_mobile/build/mobile_robot
[0.185s] -- Install configuration: ""
[0.185s] -- Up-to-date: /home/emre/ws_mobile/install/mobile_robot/share/mobile_robot//launch
[0.185s] -- Up-to-date: /home/emre/ws_mobile/install/mobile_robot/share/mobile_robot//launch/gazebo_model.launch.py
[0.185s] -- Up-to-date: /home/emre/ws_mobile/install/mobile_robot/share/mobile_robot//model
[0.185s] -- Up-to-date: /home/emre/ws_mobile/install/mobile_robot/share/mobile_robot//model/robot.gazebo
[0.185s] -- Up-to-date: /home/emre/ws_mobile/install/mobile_robot/share/mobile_robot//model/robot.xacro
[0.185s] -- Installing: /home/emre/ws_mobile/install/mobile_robot/share/mobile_robot//worlds
[0.185s] -- Installing: /home/emre/ws_mobile/install/mobile_robot/share/mobile_robot//worlds/turtlebot3_house.world
[0.185s] -- Installing: /home/emre/ws_mobile/install/mobile_robot/share/mobile_robot//worlds/turtlebot3_autorace_2020.world
[0.185s] -- Installing: /home/emre/ws_mobile/install/mobile_robot/share/mobile_robot//worlds/turtlebot3_dqn_stage4.world
[0.185s] -- Installing: /home/emre/ws_mobile/install/mobile_robot/share/mobile_robot//worlds/empty_world.world
[0.185s] -- Installing: /home/emre/ws_mobile/install/mobile_robot/share/mobile_robot//worlds/turtlebot3_dqn_stage2.world
[0.185s] -- Installing: /home/emre/ws_mobile/install/mobile_robot/share/mobile_robot//worlds/turtlebot3_world.world
[0.185s] -- Installing: /home/emre/ws_mobile/install/mobile_robot/share/mobile_robot//worlds/turtlebot3_dqn_stage1.world
[0.185s] -- Installing: /home/emre/ws_mobile/install/mobile_robot/share/mobile_robot//worlds/turtlebot3_dqn_stage3.world
[0.185s] -- Up-to-date: /home/emre/ws_mobile/install/mobile_robot/share/ament_index/resource_index/package_run_dependencies/mobile_robot
[0.185s] -- Installing: /home/emre/ws_mobile/install/mobile_robot/share/ament_index/resource_index/parent_prefix_path/mobile_robot
[0.185s] -- Up-to-date: /home/emre/ws_mobile/install/mobile_robot/share/mobile_robot/environment/ament_prefix_path.sh
[0.185s] -- Installing: /home/emre/ws_mobile/install/mobile_robot/share/mobile_robot/environment/ament_prefix_path.dsv
[0.185s] -- Up-to-date: /home/emre/ws_mobile/install/mobile_robot/share/mobile_robot/environment/path.sh
[0.186s] -- Installing: /home/emre/ws_mobile/install/mobile_robot/share/mobile_robot/environment/path.dsv
[0.186s] -- Up-to-date: /home/emre/ws_mobile/install/mobile_robot/share/mobile_robot/local_setup.bash
[0.186s] -- Up-to-date: /home/emre/ws_mobile/install/mobile_robot/share/mobile_robot/local_setup.sh
[0.186s] -- Up-to-date: /home/emre/ws_mobile/install/mobile_robot/share/mobile_robot/local_setup.zsh
[0.186s] -- Installing: /home/emre/ws_mobile/install/mobile_robot/share/mobile_robot/local_setup.dsv
[0.186s] -- Installing: /home/emre/ws_mobile/install/mobile_robot/share/mobile_robot/package.dsv
[0.186s] -- Up-to-date: /home/emre/ws_mobile/install/mobile_robot/share/ament_index/resource_index/packages/mobile_robot
[0.186s] -- Up-to-date: /home/emre/ws_mobile/install/mobile_robot/share/mobile_robot/cmake/mobile_robotConfig.cmake
[0.186s] -- Up-to-date: /home/emre/ws_mobile/install/mobile_robot/share/mobile_robot/cmake/mobile_robotConfig-version.cmake
[0.186s] -- Up-to-date: /home/emre/ws_mobile/install/mobile_robot/share/mobile_robot/package.xml
[0.187s] Invoked command in '/home/emre/ws_mobile/build/mobile_robot' returned '0': CMAKE_PREFIX_PATH=/home/emre/ws_mobile/install/mobile_robot:/opt/ros/humble:/home/emre/ros2_ws/install/my_rover_description /usr/bin/cmake --install /home/emre/ws_mobile/build/mobile_robot
