[0.007s] Invoking command in '/home/emre/ws_mobile/build/mobile_robot': CMAKE_PREFIX_PATH=/home/emre/ws_mobile/install/slam_gmapping:/home/emre/ws_mobile/install/openslam_gmapping:/home/emre/ws_mobile/install/mobile_robot:/opt/ros/humble:/home/emre/ros2_ws/install/my_rover_description /usr/bin/cmake --build /home/emre/ws_mobile/build/mobile_robot -- -j20 -l20
[0.035s] Invoked command in '/home/emre/ws_mobile/build/mobile_robot' returned '0': CMAKE_PREFIX_PATH=/home/emre/ws_mobile/install/slam_gmapping:/home/emre/ws_mobile/install/openslam_gmapping:/home/emre/ws_mobile/install/mobile_robot:/opt/ros/humble:/home/emre/ros2_ws/install/my_rover_description /usr/bin/cmake --build /home/emre/ws_mobile/build/mobile_robot -- -j20 -l20
[0.041s] Invoking command in '/home/emre/ws_mobile/build/mobile_robot': CMAKE_PREFIX_PATH=/home/emre/ws_mobile/install/slam_gmapping:/home/emre/ws_mobile/install/openslam_gmapping:/home/emre/ws_mobile/install/mobile_robot:/opt/ros/humble:/home/emre/ros2_ws/install/my_rover_description /usr/bin/cmake --install /home/emre/ws_mobile/build/mobile_robot
[0.048s] -- Install configuration: ""
[0.048s] -- Up-to-date: /home/emre/ws_mobile/install/mobile_robot/share/mobile_robot//launch
[0.048s] -- Up-to-date: /home/emre/ws_mobile/install/mobile_robot/share/mobile_robot//launch/rtabmap.launch.py
[0.048s] -- Up-to-date: /home/emre/ws_mobile/install/mobile_robot/share/mobile_robot//launch/gmapping.launch.py
[0.048s] -- Up-to-date: /home/emre/ws_mobile/install/mobile_robot/share/mobile_robot//launch/slam_toolbox.launch.py
[0.048s] -- Up-to-date: /home/emre/ws_mobile/install/mobile_robot/share/mobile_robot//launch/hector.launch.py
[0.048s] -- Up-to-date: /home/emre/ws_mobile/install/mobile_robot/share/mobile_robot//launch/cartographer.launch.py
[0.048s] -- Up-to-date: /home/emre/ws_mobile/install/mobile_robot/share/mobile_robot//launch/gazebo_model.launch.py
[0.048s] -- Up-to-date: /home/emre/ws_mobile/install/mobile_robot/share/mobile_robot//model
[0.048s] -- Up-to-date: /home/emre/ws_mobile/install/mobile_robot/share/mobile_robot//model/robot.gazebo
[0.048s] -- Up-to-date: /home/emre/ws_mobile/install/mobile_robot/share/mobile_robot//model/robot.xacro
[0.048s] -- Up-to-date: /home/emre/ws_mobile/install/mobile_robot/share/mobile_robot//worlds
[0.048s] -- Up-to-date: /home/emre/ws_mobile/install/mobile_robot/share/mobile_robot//worlds/testworld.world
[0.048s] -- Up-to-date: /home/emre/ws_mobile/install/mobile_robot/share/mobile_robot//config
[0.048s] -- Up-to-date: /home/emre/ws_mobile/install/mobile_robot/share/mobile_robot//config/hector.yaml
[0.048s] -- Up-to-date: /home/emre/ws_mobile/install/mobile_robot/share/mobile_robot//config/rtabmap.yaml
[0.048s] -- Up-to-date: /home/emre/ws_mobile/install/mobile_robot/share/mobile_robot//config/gmapping.yaml
[0.049s] -- Up-to-date: /home/emre/ws_mobile/install/mobile_robot/share/mobile_robot//config/cartographer
[0.049s] -- Up-to-date: /home/emre/ws_mobile/install/mobile_robot/share/mobile_robot//config/cartographer/trajectory_builder.lua
[0.049s] -- Installing: /home/emre/ws_mobile/install/mobile_robot/share/mobile_robot//config/cartographer/cartographer.lua
[0.049s] -- Up-to-date: /home/emre/ws_mobile/install/mobile_robot/share/mobile_robot//config/cartographer/map_builder.lua
[0.049s] -- Up-to-date: /home/emre/ws_mobile/install/mobile_robot/share/mobile_robot//config/slam.yaml
[0.049s] -- Up-to-date: /home/emre/ws_mobile/install/mobile_robot/share/ament_index/resource_index/package_run_dependencies/mobile_robot
[0.049s] -- Up-to-date: /home/emre/ws_mobile/install/mobile_robot/share/ament_index/resource_index/parent_prefix_path/mobile_robot
[0.049s] -- Up-to-date: /home/emre/ws_mobile/install/mobile_robot/share/mobile_robot/environment/ament_prefix_path.sh
[0.049s] -- Up-to-date: /home/emre/ws_mobile/install/mobile_robot/share/mobile_robot/environment/ament_prefix_path.dsv
[0.049s] -- Up-to-date: /home/emre/ws_mobile/install/mobile_robot/share/mobile_robot/environment/path.sh
[0.049s] -- Up-to-date: /home/emre/ws_mobile/install/mobile_robot/share/mobile_robot/environment/path.dsv
[0.049s] -- Up-to-date: /home/emre/ws_mobile/install/mobile_robot/share/mobile_robot/local_setup.bash
[0.049s] -- Up-to-date: /home/emre/ws_mobile/install/mobile_robot/share/mobile_robot/local_setup.sh
[0.049s] -- Up-to-date: /home/emre/ws_mobile/install/mobile_robot/share/mobile_robot/local_setup.zsh
[0.049s] -- Up-to-date: /home/emre/ws_mobile/install/mobile_robot/share/mobile_robot/local_setup.dsv
[0.049s] -- Installing: /home/emre/ws_mobile/install/mobile_robot/share/mobile_robot/package.dsv
[0.049s] -- Up-to-date: /home/emre/ws_mobile/install/mobile_robot/share/ament_index/resource_index/packages/mobile_robot
[0.049s] -- Up-to-date: /home/emre/ws_mobile/install/mobile_robot/share/mobile_robot/cmake/mobile_robotConfig.cmake
[0.049s] -- Up-to-date: /home/emre/ws_mobile/install/mobile_robot/share/mobile_robot/cmake/mobile_robotConfig-version.cmake
[0.049s] -- Up-to-date: /home/emre/ws_mobile/install/mobile_robot/share/mobile_robot/package.xml
[0.050s] Invoked command in '/home/emre/ws_mobile/build/mobile_robot' returned '0': CMAKE_PREFIX_PATH=/home/emre/ws_mobile/install/slam_gmapping:/home/emre/ws_mobile/install/openslam_gmapping:/home/emre/ws_mobile/install/mobile_robot:/opt/ros/humble:/home/emre/ros2_ws/install/my_rover_description /usr/bin/cmake --install /home/emre/ws_mobile/build/mobile_robot
