[0.009s] Invoking command in '/home/emre/ws_mobile/build/openslam_gmapping': CMAKE_PREFIX_PATH=/home/emre/ws_mobile/install/mobile_robot:/opt/ros/humble:/home/emre/ros2_ws/install/my_rover_description /usr/bin/cmake /home/emre/ws_mobile/src/slam_gmapping_Humble/openslam_gmapping -DCMAKE_INSTALL_PREFIX=/home/emre/ws_mobile/install/openslam_gmapping
[0.081s] -- The C compiler identification is GNU 11.4.0
[0.134s] -- The CXX compiler identification is GNU 11.4.0
[0.140s] -- Detecting C compiler ABI info
[0.187s] -- Detecting C compiler ABI info - done
[0.192s] -- Check for working C compiler: /usr/bin/cc - skipped
[0.192s] -- Detecting C compile features
[0.192s] -- Detecting C compile features - done
[0.194s] -- Detecting CXX compiler ABI info
[0.249s] -- Detecting CXX compiler ABI info - done
[0.253s] -- Check for working CXX compiler: /usr/bin/c++ - skipped
[0.253s] -- Detecting CXX compile features
[0.253s] -- Detecting CXX compile features - done
[0.257s] -- Found ament_cmake: 1.3.12 (/opt/ros/humble/share/ament_cmake/cmake)
[0.358s] -- Found Python3: /usr/bin/python3 (found version "3.10.12") found components: Interpreter 
[0.452s] -- Configuring done
[0.459s] -- Generating done
[0.462s] -- Build files have been written to: /home/emre/ws_mobile/build/openslam_gmapping
[0.466s] Invoked command in '/home/emre/ws_mobile/build/openslam_gmapping' returned '0': CMAKE_PREFIX_PATH=/home/emre/ws_mobile/install/mobile_robot:/opt/ros/humble:/home/emre/ros2_ws/install/my_rover_description /usr/bin/cmake /home/emre/ws_mobile/src/slam_gmapping_Humble/openslam_gmapping -DCMAKE_INSTALL_PREFIX=/home/emre/ws_mobile/install/openslam_gmapping
[0.466s] Invoking command in '/home/emre/ws_mobile/build/openslam_gmapping': CMAKE_PREFIX_PATH=/home/emre/ws_mobile/install/mobile_robot:/opt/ros/humble:/home/emre/ros2_ws/install/my_rover_description /usr/bin/cmake --build /home/emre/ws_mobile/build/openslam_gmapping -- -j20 -l20
[0.501s] [  4%] [32mBuilding CXX object utils/CMakeFiles/utils.dir/movement.cpp.o[0m
[0.501s] [  9%] [32mBuilding CXX object utils/CMakeFiles/utils.dir/stat.cpp.o[0m
[0.502s] [ 13%] [32mBuilding CXX object sensor/sensor_base/CMakeFiles/sensor_base.dir/sensor.cpp.o[0m
[0.503s] [ 18%] [32mBuilding CXX object sensor/sensor_base/CMakeFiles/sensor_base.dir/sensorreading.cpp.o[0m
[0.635s] [ 22%] [32m[1mLinking CXX static library libsensor_base.a[0m
[0.677s] [ 27%] [32m[1mLinking CXX static library libutils.a[0m
[0.728s] [ 27%] Built target utils
[0.729s] [ 27%] Built target sensor_base
[0.743s] [ 31%] [32mBuilding CXX object sensor/sensor_odometry/CMakeFiles/sensor_odometry.dir/odometrysensor.cpp.o[0m
[0.743s] [ 36%] [32mBuilding CXX object sensor/sensor_odometry/CMakeFiles/sensor_odometry.dir/odometryreading.cpp.o[0m
[0.743s] [ 40%] [32mBuilding CXX object sensor/sensor_range/CMakeFiles/sensor_range.dir/rangesensor.cpp.o[0m
[0.744s] [ 45%] [32mBuilding CXX object sensor/sensor_range/CMakeFiles/sensor_range.dir/rangereading.cpp.o[0m
[0.912s] [ 50%] [32m[1mLinking CXX static library libsensor_odometry.a[0m
[0.956s] [ 50%] Built target sensor_odometry
[0.984s] [ 54%] [32m[1mLinking CXX static library libsensor_range.a[0m
[1.027s] [ 54%] Built target sensor_range
[1.041s] [ 59%] [32mBuilding CXX object scanmatcher/CMakeFiles/scanmatcher.dir/scanmatcherprocessor.cpp.o[0m
[1.043s] [ 72%] [32mBuilding CXX object scanmatcher/CMakeFiles/scanmatcher.dir/smmap.cpp.o[0m
[1.043s] [ 72%] [32mBuilding CXX object scanmatcher/CMakeFiles/scanmatcher.dir/scanmatcher.cpp.o[0m
[1.043s] [ 72%] [32mBuilding CXX object scanmatcher/CMakeFiles/scanmatcher.dir/eig3.cpp.o[0m
[1.722s] [ 77%] [32m[1mLinking CXX static library libscanmatcher.a[0m
[1.765s] [ 77%] Built target scanmatcher
[1.779s] [ 81%] [32mBuilding CXX object gridfastslam/CMakeFiles/gridfastslam.dir/gridslamprocessor_tree.cpp.o[0m
[1.780s] [ 86%] [32mBuilding CXX object gridfastslam/CMakeFiles/gridfastslam.dir/gridslamprocessor.cpp.o[0m
[1.781s] [ 95%] [32mBuilding CXX object gridfastslam/CMakeFiles/gridfastslam.dir/motionmodel.cpp.o[0m
[1.781s] [ 95%] [32mBuilding CXX object gridfastslam/CMakeFiles/gridfastslam.dir/gfsreader.cpp.o[0m
[2.580s] [100%] [32m[1mLinking CXX static library libgridfastslam.a[0m
[2.624s] [100%] Built target gridfastslam
[2.631s] Invoked command in '/home/emre/ws_mobile/build/openslam_gmapping' returned '0': CMAKE_PREFIX_PATH=/home/emre/ws_mobile/install/mobile_robot:/opt/ros/humble:/home/emre/ros2_ws/install/my_rover_description /usr/bin/cmake --build /home/emre/ws_mobile/build/openslam_gmapping -- -j20 -l20
[2.632s] Invoking command in '/home/emre/ws_mobile/build/openslam_gmapping': CMAKE_PREFIX_PATH=/home/emre/ws_mobile/install/mobile_robot:/opt/ros/humble:/home/emre/ros2_ws/install/my_rover_description /usr/bin/cmake --install /home/emre/ws_mobile/build/openslam_gmapping
[2.639s] -- Install configuration: "Release"
[2.639s] -- Installing: /home/emre/ws_mobile/install/openslam_gmapping/share/openslam_gmapping/environment/library_path.sh
[2.639s] -- Installing: /home/emre/ws_mobile/install/openslam_gmapping/share/openslam_gmapping/environment/library_path.dsv
[2.639s] -- Installing: /home/emre/ws_mobile/install/openslam_gmapping/include/
[2.639s] -- Installing: /home/emre/ws_mobile/install/openslam_gmapping/include//gmapping
[2.639s] -- Installing: /home/emre/ws_mobile/install/openslam_gmapping/include//gmapping/grid
[2.639s] -- Installing: /home/emre/ws_mobile/install/openslam_gmapping/include//gmapping/grid/array2d.h
[2.639s] -- Installing: /home/emre/ws_mobile/install/openslam_gmapping/include//gmapping/grid/accessstate.h
[2.639s] -- Installing: /home/emre/ws_mobile/install/openslam_gmapping/include//gmapping/grid/map.h
[2.639s] -- Installing: /home/emre/ws_mobile/install/openslam_gmapping/include//gmapping/grid/harray2d.h
[2.639s] -- Installing: /home/emre/ws_mobile/install/openslam_gmapping/include//gmapping/scanmatcher
[2.639s] -- Installing: /home/emre/ws_mobile/install/openslam_gmapping/include//gmapping/scanmatcher/scanmatcher.h
[2.639s] -- Installing: /home/emre/ws_mobile/install/openslam_gmapping/include//gmapping/scanmatcher/icp.h
[2.639s] -- Installing: /home/emre/ws_mobile/install/openslam_gmapping/include//gmapping/scanmatcher/smmap.h
[2.639s] -- Installing: /home/emre/ws_mobile/install/openslam_gmapping/include//gmapping/utils
[2.639s] -- Installing: /home/emre/ws_mobile/install/openslam_gmapping/include//gmapping/utils/stat.h
[2.639s] -- Installing: /home/emre/ws_mobile/install/openslam_gmapping/include//gmapping/utils/point.h
[2.639s] -- Installing: /home/emre/ws_mobile/install/openslam_gmapping/include//gmapping/utils/macro_params.h
[2.639s] -- Installing: /home/emre/ws_mobile/install/openslam_gmapping/include//gmapping/utils/commandline.h
[2.639s] -- Installing: /home/emre/ws_mobile/install/openslam_gmapping/include//gmapping/utils/gvalues.h
[2.639s] -- Installing: /home/emre/ws_mobile/install/openslam_gmapping/include//gmapping/utils/autoptr.h
[2.639s] -- Installing: /home/emre/ws_mobile/install/openslam_gmapping/include//gmapping/gridfastslam
[2.639s] -- Installing: /home/emre/ws_mobile/install/openslam_gmapping/include//gmapping/gridfastslam/gridslamprocessor.hxx
[2.639s] -- Installing: /home/emre/ws_mobile/install/openslam_gmapping/include//gmapping/gridfastslam/gridslamprocessor.h
[2.639s] -- Installing: /home/emre/ws_mobile/install/openslam_gmapping/include//gmapping/gridfastslam/motionmodel.h
[2.639s] -- Installing: /home/emre/ws_mobile/install/openslam_gmapping/include//gmapping/particlefilter
[2.640s] -- Installing: /home/emre/ws_mobile/install/openslam_gmapping/include//gmapping/particlefilter/particlefilter.h
[2.640s] -- Installing: /home/emre/ws_mobile/install/openslam_gmapping/include//gmapping/log
[2.640s] -- Installing: /home/emre/ws_mobile/install/openslam_gmapping/include//gmapping/log/sensorlog.h
[2.640s] -- Installing: /home/emre/ws_mobile/install/openslam_gmapping/include//gmapping/log/configuration.h
[2.640s] -- Installing: /home/emre/ws_mobile/install/openslam_gmapping/include//gmapping/sensor
[2.640s] -- Installing: /home/emre/ws_mobile/install/openslam_gmapping/include//gmapping/sensor/sensor_base
[2.640s] -- Installing: /home/emre/ws_mobile/install/openslam_gmapping/include//gmapping/sensor/sensor_base/sensor.h
[2.640s] -- Installing: /home/emre/ws_mobile/install/openslam_gmapping/include//gmapping/sensor/sensor_base/sensorreading.h
[2.640s] -- Installing: /home/emre/ws_mobile/install/openslam_gmapping/include//gmapping/sensor/sensor_odometry
[2.640s] -- Installing: /home/emre/ws_mobile/install/openslam_gmapping/include//gmapping/sensor/sensor_odometry/odometrysensor.h
[2.640s] -- Installing: /home/emre/ws_mobile/install/openslam_gmapping/include//gmapping/sensor/sensor_odometry/odometryreading.h
[2.640s] -- Installing: /home/emre/ws_mobile/install/openslam_gmapping/include//gmapping/sensor/sensor_range
[2.640s] -- Installing: /home/emre/ws_mobile/install/openslam_gmapping/include//gmapping/sensor/sensor_range/rangereading.h
[2.640s] -- Installing: /home/emre/ws_mobile/install/openslam_gmapping/include//gmapping/sensor/sensor_range/rangesensor.h
[2.640s] -- Installing: /home/emre/ws_mobile/install/openslam_gmapping/share/ament_index/resource_index/package_run_dependencies/openslam_gmapping
[2.640s] -- Installing: /home/emre/ws_mobile/install/openslam_gmapping/share/ament_index/resource_index/parent_prefix_path/openslam_gmapping
[2.640s] -- Installing: /home/emre/ws_mobile/install/openslam_gmapping/share/openslam_gmapping/environment/ament_prefix_path.sh
[2.640s] -- Installing: /home/emre/ws_mobile/install/openslam_gmapping/share/openslam_gmapping/environment/ament_prefix_path.dsv
[2.640s] -- Installing: /home/emre/ws_mobile/install/openslam_gmapping/share/openslam_gmapping/environment/path.sh
[2.640s] -- Installing: /home/emre/ws_mobile/install/openslam_gmapping/share/openslam_gmapping/environment/path.dsv
[2.640s] -- Installing: /home/emre/ws_mobile/install/openslam_gmapping/share/openslam_gmapping/local_setup.bash
[2.640s] -- Installing: /home/emre/ws_mobile/install/openslam_gmapping/share/openslam_gmapping/local_setup.sh
[2.640s] -- Installing: /home/emre/ws_mobile/install/openslam_gmapping/share/openslam_gmapping/local_setup.zsh
[2.640s] -- Installing: /home/emre/ws_mobile/install/openslam_gmapping/share/openslam_gmapping/local_setup.dsv
[2.640s] -- Installing: /home/emre/ws_mobile/install/openslam_gmapping/share/openslam_gmapping/package.dsv
[2.640s] -- Installing: /home/emre/ws_mobile/install/openslam_gmapping/share/ament_index/resource_index/packages/openslam_gmapping
[2.641s] -- Installing: /home/emre/ws_mobile/install/openslam_gmapping/share/openslam_gmapping/cmake/ament_cmake_export_libraries-extras.cmake
[2.641s] -- Installing: /home/emre/ws_mobile/install/openslam_gmapping/share/openslam_gmapping/cmake/ament_cmake_export_include_directories-extras.cmake
[2.641s] -- Installing: /home/emre/ws_mobile/install/openslam_gmapping/share/openslam_gmapping/cmake/openslam_gmappingConfig.cmake
[2.641s] -- Installing: /home/emre/ws_mobile/install/openslam_gmapping/share/openslam_gmapping/cmake/openslam_gmappingConfig-version.cmake
[2.641s] -- Installing: /home/emre/ws_mobile/install/openslam_gmapping/share/openslam_gmapping/package.xml
[2.641s] -- Installing: /home/emre/ws_mobile/install/openslam_gmapping/lib/libgridfastslam.a
[2.641s] -- Installing: /home/emre/ws_mobile/install/openslam_gmapping/lib/libscanmatcher.a
[2.641s] -- Up-to-date: /home/emre/ws_mobile/install/openslam_gmapping/share/openslam_gmapping/environment/library_path.sh
[2.641s] -- Up-to-date: /home/emre/ws_mobile/install/openslam_gmapping/share/openslam_gmapping/environment/library_path.dsv
[2.641s] -- Installing: /home/emre/ws_mobile/install/openslam_gmapping/lib/libsensor_base.a
[2.641s] -- Up-to-date: /home/emre/ws_mobile/install/openslam_gmapping/share/openslam_gmapping/environment/library_path.sh
[2.642s] -- Up-to-date: /home/emre/ws_mobile/install/openslam_gmapping/share/openslam_gmapping/environment/library_path.dsv
[2.642s] -- Installing: /home/emre/ws_mobile/install/openslam_gmapping/lib/libsensor_odometry.a
[2.642s] -- Installing: /home/emre/ws_mobile/install/openslam_gmapping/lib/libsensor_range.a
[2.642s] -- Installing: /home/emre/ws_mobile/install/openslam_gmapping/lib/libutils.a
[2.642s] -- Up-to-date: /home/emre/ws_mobile/install/openslam_gmapping/share/openslam_gmapping/environment/library_path.sh
[2.642s] -- Up-to-date: /home/emre/ws_mobile/install/openslam_gmapping/share/openslam_gmapping/environment/library_path.dsv
[2.643s] Invoked command in '/home/emre/ws_mobile/build/openslam_gmapping' returned '0': CMAKE_PREFIX_PATH=/home/emre/ws_mobile/install/mobile_robot:/opt/ros/humble:/home/emre/ros2_ws/install/my_rover_description /usr/bin/cmake --install /home/emre/ws_mobile/build/openslam_gmapping
