[0.006s] Invoking command in '/home/emre/ws_mobile/build/mobile_robot': CMAKE_PREFIX_PATH=/opt/ros/humble:${CMAKE_PREFIX_PATH} /usr/bin/cmake /home/emre/ws_mobile/src/mobile_robot -DCMAKE_INSTALL_PREFIX=/home/emre/ws_mobile/install/mobile_robot
[0.044s] -- The C compiler identification is GNU 11.4.0
[0.078s] -- The CXX compiler identification is GNU 11.4.0
[0.083s] -- Detecting C compiler ABI info
[0.130s] -- Detecting C compiler ABI info - done
[0.137s] -- Check for working C compiler: /usr/bin/cc - skipped
[0.137s] -- Detecting C compile features
[0.138s] -- Detecting C compile features - done
[0.140s] -- Detecting CXX compiler ABI info
[0.196s] -- Detecting CXX compiler ABI info - done
[0.203s] -- Check for working CXX compiler: /usr/bin/c++ - skipped
[0.203s] -- Detecting CXX compile features
[0.204s] -- Detecting CXX compile features - done
[0.205s] -- Found ament_cmake: 1.3.11 (/opt/ros/humble/share/ament_cmake/cmake)
[0.307s] -- Found Python3: /usr/bin/python3 (found version "3.10.12") found components: Interpreter 
[0.369s] -- Found ament_lint_auto: 0.12.11 (/opt/ros/humble/share/ament_lint_auto/cmake)
[0.419s] -- Added test 'lint_cmake' to check CMake code style
[0.420s] -- Added test 'xmllint' to check XML markup files
[0.420s] -- Configuring done
[0.421s] -- Generating done
[0.422s] -- Build files have been written to: /home/emre/ws_mobile/build/mobile_robot
[0.425s] Invoked command in '/home/emre/ws_mobile/build/mobile_robot' returned '0': CMAKE_PREFIX_PATH=/opt/ros/humble:${CMAKE_PREFIX_PATH} /usr/bin/cmake /home/emre/ws_mobile/src/mobile_robot -DCMAKE_INSTALL_PREFIX=/home/emre/ws_mobile/install/mobile_robot
[0.427s] Invoking command in '/home/emre/ws_mobile/build/mobile_robot': CMAKE_PREFIX_PATH=/opt/ros/humble:${CMAKE_PREFIX_PATH} /usr/bin/cmake --build /home/emre/ws_mobile/build/mobile_robot -- -j20 -l20
[0.453s] Invoked command in '/home/emre/ws_mobile/build/mobile_robot' returned '0': CMAKE_PREFIX_PATH=/opt/ros/humble:${CMAKE_PREFIX_PATH} /usr/bin/cmake --build /home/emre/ws_mobile/build/mobile_robot -- -j20 -l20
[0.459s] Invoking command in '/home/emre/ws_mobile/build/mobile_robot': CMAKE_PREFIX_PATH=/opt/ros/humble:${CMAKE_PREFIX_PATH} /usr/bin/cmake --install /home/emre/ws_mobile/build/mobile_robot
[0.463s] -- Install configuration: ""
[0.463s] -- Installing: /home/emre/ws_mobile/install/mobile_robot/share/ament_index/resource_index/package_run_dependencies/mobile_robot
[0.463s] -- Installing: /home/emre/ws_mobile/install/mobile_robot/share/ament_index/resource_index/parent_prefix_path/mobile_robot
[0.463s] -- Installing: /home/emre/ws_mobile/install/mobile_robot/share/mobile_robot/environment/ament_prefix_path.sh
[0.463s] -- Installing: /home/emre/ws_mobile/install/mobile_robot/share/mobile_robot/environment/ament_prefix_path.dsv
[0.463s] -- Installing: /home/emre/ws_mobile/install/mobile_robot/share/mobile_robot/environment/path.sh
[0.463s] -- Installing: /home/emre/ws_mobile/install/mobile_robot/share/mobile_robot/environment/path.dsv
[0.463s] -- Installing: /home/emre/ws_mobile/install/mobile_robot/share/mobile_robot/local_setup.bash
[0.463s] -- Installing: /home/emre/ws_mobile/install/mobile_robot/share/mobile_robot/local_setup.sh
[0.463s] -- Installing: /home/emre/ws_mobile/install/mobile_robot/share/mobile_robot/local_setup.zsh
[0.463s] -- Installing: /home/emre/ws_mobile/install/mobile_robot/share/mobile_robot/local_setup.dsv
[0.463s] -- Installing: /home/emre/ws_mobile/install/mobile_robot/share/mobile_robot/package.dsv
[0.463s] -- Installing: /home/emre/ws_mobile/install/mobile_robot/share/ament_index/resource_index/packages/mobile_robot
[0.463s] -- Installing: /home/emre/ws_mobile/install/mobile_robot/share/mobile_robot/cmake/mobile_robotConfig.cmake
[0.463s] -- Installing: /home/emre/ws_mobile/install/mobile_robot/share/mobile_robot/cmake/mobile_robotConfig-version.cmake
[0.464s] -- Installing: /home/emre/ws_mobile/install/mobile_robot/share/mobile_robot/package.xml
[0.464s] Invoked command in '/home/emre/ws_mobile/build/mobile_robot' returned '0': CMAKE_PREFIX_PATH=/opt/ros/humble:${CMAKE_PREFIX_PATH} /usr/bin/cmake --install /home/emre/ws_mobile/build/mobile_robot
