[0.006s] Invoking command in '/home/emre/ws_mobile/build/slam_gmapping': AMENT_PREFIX_PATH=/home/emre/ws_mobile/install/openslam_gmapping:${AMENT_PREFIX_PATH} CMAKE_PREFIX_PATH=/home/emre/ws_mobile/install/openslam_gmapping:/home/emre/ws_mobile/install/mobile_robot:/opt/ros/humble:/home/emre/ros2_ws/install/my_rover_description LD_LIBRARY_PATH=/home/emre/ws_mobile/install/openslam_gmapping/lib:${LD_LIBRARY_PATH} /usr/bin/cmake --build /home/emre/ws_mobile/build/slam_gmapping -- -j20 -l20
[0.036s] [35m[1mConsolidate compiler generated dependencies of target slam_gmapping[0m
[0.036s] [35m[1mConsolidate compiler generated dependencies of target slam_gmapping_node[0m
[0.048s] [ 50%] Built target slam_gmapping_node
[0.048s] [100%] Built target slam_gmapping
[0.055s] Invoked command in '/home/emre/ws_mobile/build/slam_gmapping' returned '0': AMENT_PREFIX_PATH=/home/emre/ws_mobile/install/openslam_gmapping:${AMENT_PREFIX_PATH} CMAKE_PREFIX_PATH=/home/emre/ws_mobile/install/openslam_gmapping:/home/emre/ws_mobile/install/mobile_robot:/opt/ros/humble:/home/emre/ros2_ws/install/my_rover_description LD_LIBRARY_PATH=/home/emre/ws_mobile/install/openslam_gmapping/lib:${LD_LIBRARY_PATH} /usr/bin/cmake --build /home/emre/ws_mobile/build/slam_gmapping -- -j20 -l20
[0.056s] Invoking command in '/home/emre/ws_mobile/build/slam_gmapping': AMENT_PREFIX_PATH=/home/emre/ws_mobile/install/openslam_gmapping:${AMENT_PREFIX_PATH} CMAKE_PREFIX_PATH=/home/emre/ws_mobile/install/openslam_gmapping:/home/emre/ws_mobile/install/mobile_robot:/opt/ros/humble:/home/emre/ros2_ws/install/my_rover_description LD_LIBRARY_PATH=/home/emre/ws_mobile/install/openslam_gmapping/lib:${LD_LIBRARY_PATH} /usr/bin/cmake --install /home/emre/ws_mobile/build/slam_gmapping
[0.061s] -- Install configuration: "Release"
[0.061s] -- Up-to-date: /home/emre/ws_mobile/install/slam_gmapping/lib/slam_gmapping/slam_gmapping_node
[0.062s] -- Up-to-date: /home/emre/ws_mobile/install/slam_gmapping/lib/libslam_gmapping.so
[0.062s] -- Up-to-date: /home/emre/ws_mobile/install/slam_gmapping/share/slam_gmapping/launch
[0.062s] -- Up-to-date: /home/emre/ws_mobile/install/slam_gmapping/share/slam_gmapping/launch/slam_gmapping.launch.py
[0.062s] -- Up-to-date: /home/emre/ws_mobile/install/slam_gmapping/share/slam_gmapping/config
[0.062s] -- Up-to-date: /home/emre/ws_mobile/install/slam_gmapping/share/slam_gmapping/config/slam_gmapping.yaml
[0.062s] -- Up-to-date: /home/emre/ws_mobile/install/slam_gmapping/share/ament_index/resource_index/package_run_dependencies/slam_gmapping
[0.062s] -- Up-to-date: /home/emre/ws_mobile/install/slam_gmapping/share/ament_index/resource_index/parent_prefix_path/slam_gmapping
[0.062s] -- Up-to-date: /home/emre/ws_mobile/install/slam_gmapping/share/slam_gmapping/environment/ament_prefix_path.sh
[0.062s] -- Up-to-date: /home/emre/ws_mobile/install/slam_gmapping/share/slam_gmapping/environment/ament_prefix_path.dsv
[0.062s] -- Up-to-date: /home/emre/ws_mobile/install/slam_gmapping/share/slam_gmapping/environment/path.sh
[0.062s] -- Up-to-date: /home/emre/ws_mobile/install/slam_gmapping/share/slam_gmapping/environment/path.dsv
[0.062s] -- Up-to-date: /home/emre/ws_mobile/install/slam_gmapping/share/slam_gmapping/local_setup.bash
[0.062s] -- Up-to-date: /home/emre/ws_mobile/install/slam_gmapping/share/slam_gmapping/local_setup.sh
[0.062s] -- Up-to-date: /home/emre/ws_mobile/install/slam_gmapping/share/slam_gmapping/local_setup.zsh
[0.062s] -- Up-to-date: /home/emre/ws_mobile/install/slam_gmapping/share/slam_gmapping/local_setup.dsv
[0.062s] -- Installing: /home/emre/ws_mobile/install/slam_gmapping/share/slam_gmapping/package.dsv
[0.062s] -- Up-to-date: /home/emre/ws_mobile/install/slam_gmapping/share/ament_index/resource_index/packages/slam_gmapping
[0.062s] -- Up-to-date: /home/emre/ws_mobile/install/slam_gmapping/share/ament_index/resource_index/rclcpp_components/slam_gmapping
[0.062s] -- Up-to-date: /home/emre/ws_mobile/install/slam_gmapping/share/slam_gmapping/cmake/slam_gmappingConfig.cmake
[0.062s] -- Up-to-date: /home/emre/ws_mobile/install/slam_gmapping/share/slam_gmapping/cmake/slam_gmappingConfig-version.cmake
[0.062s] -- Up-to-date: /home/emre/ws_mobile/install/slam_gmapping/share/slam_gmapping/package.xml
[0.064s] Invoked command in '/home/emre/ws_mobile/build/slam_gmapping' returned '0': AMENT_PREFIX_PATH=/home/emre/ws_mobile/install/openslam_gmapping:${AMENT_PREFIX_PATH} CMAKE_PREFIX_PATH=/home/emre/ws_mobile/install/openslam_gmapping:/home/emre/ws_mobile/install/mobile_robot:/opt/ros/humble:/home/emre/ros2_ws/install/my_rover_description LD_LIBRARY_PATH=/home/emre/ws_mobile/install/openslam_gmapping/lib:${LD_LIBRARY_PATH} /usr/bin/cmake --install /home/emre/ws_mobile/build/slam_gmapping
