[0.062s] DEBUG:colcon:Command line arguments: ['/usr/bin/colcon', 'build']
[0.062s] DEBUG:colcon:Parsed command line arguments: Namespace(log_base=None, log_level=None, verb_name='build', build_base='build', install_base='install', merge_install=False, symlink_install=False, test_result_base=None, continue_on_error=False, executor='parallel', parallel_workers=20, event_handlers=None, ignore_user_meta=False, metas=['./colcon.meta'], base_paths=['.'], packages_ignore=None, packages_ignore_regex=None, paths=None, packages_up_to=None, packages_up_to_regex=None, packages_above=None, packages_above_and_dependencies=None, packages_above_depth=None, packages_select_by_dep=None, packages_skip_by_dep=None, packages_skip_up_to=None, packages_select_build_failed=False, packages_skip_build_finished=False, packages_select_test_failures=False, packages_skip_test_passed=False, packages_select=None, packages_skip=None, packages_select_regex=None, packages_skip_regex=None, packages_start=None, packages_end=None, allow_overriding=[], cmake_args=None, cmake_target=None, cmake_target_skip_unavailable=False, cmake_clean_cache=False, cmake_clean_first=False, cmake_force_configure=False, ament_cmake_args=None, catkin_cmake_args=None, catkin_skip_building_tests=False, mixin_files=None, mixin=None, verb_parser=<colcon_mixin.mixin.mixin_argument.MixinArgumentDecorator object at 0x76eef715abc0>, verb_extension=<colcon_core.verb.build.BuildVerb object at 0x76eef7257a90>, main=<bound method BuildVerb.main of <colcon_core.verb.build.BuildVerb object at 0x76eef7257a90>>, mixin_verb=('build',))
[0.156s] Level 1:colcon.colcon_core.package_discovery:discover_packages(colcon_meta) check parameters
[0.156s] Level 1:colcon.colcon_core.package_discovery:discover_packages(recursive) check parameters
[0.156s] Level 1:colcon.colcon_core.package_discovery:discover_packages(ignore) check parameters
[0.156s] Level 1:colcon.colcon_core.package_discovery:discover_packages(path) check parameters
[0.156s] Level 1:colcon.colcon_core.package_discovery:discover_packages(colcon_meta) discover
[0.156s] Level 1:colcon.colcon_core.package_discovery:discover_packages(recursive) discover
[0.156s] INFO:colcon.colcon_core.package_discovery:Crawling recursively for packages in '/home/emre/ws_mobile'
[0.156s] Level 1:colcon.colcon_core.package_identification:_identify(.) by extensions ['ignore', 'ignore_ament_install']
[0.156s] Level 1:colcon.colcon_core.package_identification:_identify(.) by extension 'ignore'
[0.156s] Level 1:colcon.colcon_core.package_identification:_identify(.) by extension 'ignore_ament_install'
[0.156s] Level 1:colcon.colcon_core.package_identification:_identify(.) by extensions ['colcon_pkg']
[0.156s] Level 1:colcon.colcon_core.package_identification:_identify(.) by extension 'colcon_pkg'
[0.156s] Level 1:colcon.colcon_core.package_identification:_identify(.) by extensions ['colcon_meta']
[0.156s] Level 1:colcon.colcon_core.package_identification:_identify(.) by extension 'colcon_meta'
[0.156s] Level 1:colcon.colcon_core.package_identification:_identify(.) by extensions ['ros']
[0.156s] Level 1:colcon.colcon_core.package_identification:_identify(.) by extension 'ros'
[0.163s] Level 1:colcon.colcon_core.package_identification:_identify(.) by extensions ['cmake', 'python']
[0.163s] Level 1:colcon.colcon_core.package_identification:_identify(.) by extension 'cmake'
[0.163s] Level 1:colcon.colcon_core.package_identification:_identify(.) by extension 'python'
[0.163s] Level 1:colcon.colcon_core.package_identification:_identify(.) by extensions ['python_setup_py']
[0.163s] Level 1:colcon.colcon_core.package_identification:_identify(.) by extension 'python_setup_py'
[0.163s] Level 1:colcon.colcon_core.package_identification:_identify(build) by extensions ['ignore', 'ignore_ament_install']
[0.163s] Level 1:colcon.colcon_core.package_identification:_identify(build) by extension 'ignore'
[0.163s] Level 1:colcon.colcon_core.package_identification:_identify(build) ignored
[0.163s] Level 1:colcon.colcon_core.package_identification:_identify(install) by extensions ['ignore', 'ignore_ament_install']
[0.163s] Level 1:colcon.colcon_core.package_identification:_identify(install) by extension 'ignore'
[0.163s] Level 1:colcon.colcon_core.package_identification:_identify(install) ignored
[0.163s] Level 1:colcon.colcon_core.package_identification:_identify(log) by extensions ['ignore', 'ignore_ament_install']
[0.163s] Level 1:colcon.colcon_core.package_identification:_identify(log) by extension 'ignore'
[0.163s] Level 1:colcon.colcon_core.package_identification:_identify(log) ignored
[0.163s] Level 1:colcon.colcon_core.package_identification:_identify(src) by extensions ['ignore', 'ignore_ament_install']
[0.163s] Level 1:colcon.colcon_core.package_identification:_identify(src) by extension 'ignore'
[0.163s] Level 1:colcon.colcon_core.package_identification:_identify(src) by extension 'ignore_ament_install'
[0.163s] Level 1:colcon.colcon_core.package_identification:_identify(src) by extensions ['colcon_pkg']
[0.163s] Level 1:colcon.colcon_core.package_identification:_identify(src) by extension 'colcon_pkg'
[0.163s] Level 1:colcon.colcon_core.package_identification:_identify(src) by extensions ['colcon_meta']
[0.163s] Level 1:colcon.colcon_core.package_identification:_identify(src) by extension 'colcon_meta'
[0.163s] Level 1:colcon.colcon_core.package_identification:_identify(src) by extensions ['ros']
[0.163s] Level 1:colcon.colcon_core.package_identification:_identify(src) by extension 'ros'
[0.163s] Level 1:colcon.colcon_core.package_identification:_identify(src) by extensions ['cmake', 'python']
[0.163s] Level 1:colcon.colcon_core.package_identification:_identify(src) by extension 'cmake'
[0.163s] Level 1:colcon.colcon_core.package_identification:_identify(src) by extension 'python'
[0.163s] Level 1:colcon.colcon_core.package_identification:_identify(src) by extensions ['python_setup_py']
[0.163s] Level 1:colcon.colcon_core.package_identification:_identify(src) by extension 'python_setup_py'
[0.163s] Level 1:colcon.colcon_core.package_identification:_identify(src/mobile_robot) by extensions ['ignore', 'ignore_ament_install']
[0.164s] Level 1:colcon.colcon_core.package_identification:_identify(src/mobile_robot) by extension 'ignore'
[0.164s] Level 1:colcon.colcon_core.package_identification:_identify(src/mobile_robot) by extension 'ignore_ament_install'
[0.164s] Level 1:colcon.colcon_core.package_identification:_identify(src/mobile_robot) by extensions ['colcon_pkg']
[0.164s] Level 1:colcon.colcon_core.package_identification:_identify(src/mobile_robot) by extension 'colcon_pkg'
[0.164s] Level 1:colcon.colcon_core.package_identification:_identify(src/mobile_robot) by extensions ['colcon_meta']
[0.164s] Level 1:colcon.colcon_core.package_identification:_identify(src/mobile_robot) by extension 'colcon_meta'
[0.164s] Level 1:colcon.colcon_core.package_identification:_identify(src/mobile_robot) by extensions ['ros']
[0.164s] Level 1:colcon.colcon_core.package_identification:_identify(src/mobile_robot) by extension 'ros'
[0.165s] DEBUG:colcon.colcon_core.package_identification:Package 'src/mobile_robot' with type 'ros.ament_cmake' and name 'mobile_robot'
[0.165s] Level 1:colcon.colcon_core.package_identification:_identify(src/slam_gmapping_Humble) by extensions ['ignore', 'ignore_ament_install']
[0.165s] Level 1:colcon.colcon_core.package_identification:_identify(src/slam_gmapping_Humble) by extension 'ignore'
[0.165s] Level 1:colcon.colcon_core.package_identification:_identify(src/slam_gmapping_Humble) by extension 'ignore_ament_install'
[0.165s] Level 1:colcon.colcon_core.package_identification:_identify(src/slam_gmapping_Humble) by extensions ['colcon_pkg']
[0.165s] Level 1:colcon.colcon_core.package_identification:_identify(src/slam_gmapping_Humble) by extension 'colcon_pkg'
[0.165s] Level 1:colcon.colcon_core.package_identification:_identify(src/slam_gmapping_Humble) by extensions ['colcon_meta']
[0.165s] Level 1:colcon.colcon_core.package_identification:_identify(src/slam_gmapping_Humble) by extension 'colcon_meta'
[0.165s] Level 1:colcon.colcon_core.package_identification:_identify(src/slam_gmapping_Humble) by extensions ['ros']
[0.165s] Level 1:colcon.colcon_core.package_identification:_identify(src/slam_gmapping_Humble) by extension 'ros'
[0.165s] Level 1:colcon.colcon_core.package_identification:_identify(src/slam_gmapping_Humble) by extensions ['cmake', 'python']
[0.165s] Level 1:colcon.colcon_core.package_identification:_identify(src/slam_gmapping_Humble) by extension 'cmake'
[0.165s] Level 1:colcon.colcon_core.package_identification:_identify(src/slam_gmapping_Humble) by extension 'python'
[0.165s] Level 1:colcon.colcon_core.package_identification:_identify(src/slam_gmapping_Humble) by extensions ['python_setup_py']
[0.165s] Level 1:colcon.colcon_core.package_identification:_identify(src/slam_gmapping_Humble) by extension 'python_setup_py'
[0.165s] Level 1:colcon.colcon_core.package_identification:_identify(src/slam_gmapping_Humble/openslam_gmapping) by extensions ['ignore', 'ignore_ament_install']
[0.165s] Level 1:colcon.colcon_core.package_identification:_identify(src/slam_gmapping_Humble/openslam_gmapping) by extension 'ignore'
[0.165s] Level 1:colcon.colcon_core.package_identification:_identify(src/slam_gmapping_Humble/openslam_gmapping) by extension 'ignore_ament_install'
[0.166s] Level 1:colcon.colcon_core.package_identification:_identify(src/slam_gmapping_Humble/openslam_gmapping) by extensions ['colcon_pkg']
[0.166s] Level 1:colcon.colcon_core.package_identification:_identify(src/slam_gmapping_Humble/openslam_gmapping) by extension 'colcon_pkg'
[0.166s] Level 1:colcon.colcon_core.package_identification:_identify(src/slam_gmapping_Humble/openslam_gmapping) by extensions ['colcon_meta']
[0.166s] Level 1:colcon.colcon_core.package_identification:_identify(src/slam_gmapping_Humble/openslam_gmapping) by extension 'colcon_meta'
[0.166s] Level 1:colcon.colcon_core.package_identification:_identify(src/slam_gmapping_Humble/openslam_gmapping) by extensions ['ros']
[0.166s] Level 1:colcon.colcon_core.package_identification:_identify(src/slam_gmapping_Humble/openslam_gmapping) by extension 'ros'
[0.167s] DEBUG:colcon.colcon_core.package_identification:Package 'src/slam_gmapping_Humble/openslam_gmapping' with type 'ros.ament_cmake' and name 'openslam_gmapping'
[0.167s] Level 1:colcon.colcon_core.package_identification:_identify(src/slam_gmapping_Humble/slam_gmapping) by extensions ['ignore', 'ignore_ament_install']
[0.167s] Level 1:colcon.colcon_core.package_identification:_identify(src/slam_gmapping_Humble/slam_gmapping) by extension 'ignore'
[0.167s] Level 1:colcon.colcon_core.package_identification:_identify(src/slam_gmapping_Humble/slam_gmapping) by extension 'ignore_ament_install'
[0.167s] Level 1:colcon.colcon_core.package_identification:_identify(src/slam_gmapping_Humble/slam_gmapping) by extensions ['colcon_pkg']
[0.167s] Level 1:colcon.colcon_core.package_identification:_identify(src/slam_gmapping_Humble/slam_gmapping) by extension 'colcon_pkg'
[0.167s] Level 1:colcon.colcon_core.package_identification:_identify(src/slam_gmapping_Humble/slam_gmapping) by extensions ['colcon_meta']
[0.167s] Level 1:colcon.colcon_core.package_identification:_identify(src/slam_gmapping_Humble/slam_gmapping) by extension 'colcon_meta'
[0.167s] Level 1:colcon.colcon_core.package_identification:_identify(src/slam_gmapping_Humble/slam_gmapping) by extensions ['ros']
[0.167s] Level 1:colcon.colcon_core.package_identification:_identify(src/slam_gmapping_Humble/slam_gmapping) by extension 'ros'
[0.168s] DEBUG:colcon.colcon_core.package_identification:Package 'src/slam_gmapping_Humble/slam_gmapping' with type 'ros.ament_cmake' and name 'slam_gmapping'
[0.168s] Level 1:colcon.colcon_core.package_discovery:discover_packages(recursive) using defaults
[0.168s] Level 1:colcon.colcon_core.package_discovery:discover_packages(ignore) discover
[0.168s] Level 1:colcon.colcon_core.package_discovery:discover_packages(ignore) using defaults
[0.168s] Level 1:colcon.colcon_core.package_discovery:discover_packages(path) discover
[0.168s] Level 1:colcon.colcon_core.package_discovery:discover_packages(path) using defaults
[0.185s] Level 1:colcon.colcon_core.package_discovery:discover_packages(prefix_path) check parameters
[0.185s] Level 1:colcon.colcon_core.package_discovery:discover_packages(prefix_path) discover
[0.185s] DEBUG:colcon.colcon_installed_package_information.package_discovery:Found 3 installed packages in /home/emre/ws_mobile/install
[0.186s] DEBUG:colcon.colcon_installed_package_information.package_discovery:Found 1 installed packages in /home/emre/ros2_ws/install
[0.187s] DEBUG:colcon.colcon_installed_package_information.package_discovery:Found 407 installed packages in /opt/ros/humble
[0.188s] Level 1:colcon.colcon_core.package_discovery:discover_packages(prefix_path) using defaults
[0.213s] Level 5:colcon.colcon_core.verb:set package 'mobile_robot' build argument 'cmake_args' from command line to 'None'
[0.213s] Level 5:colcon.colcon_core.verb:set package 'mobile_robot' build argument 'cmake_target' from command line to 'None'
[0.213s] Level 5:colcon.colcon_core.verb:set package 'mobile_robot' build argument 'cmake_target_skip_unavailable' from command line to 'False'
[0.213s] Level 5:colcon.colcon_core.verb:set package 'mobile_robot' build argument 'cmake_clean_cache' from command line to 'False'
[0.213s] Level 5:colcon.colcon_core.verb:set package 'mobile_robot' build argument 'cmake_clean_first' from command line to 'False'
[0.213s] Level 5:colcon.colcon_core.verb:set package 'mobile_robot' build argument 'cmake_force_configure' from command line to 'False'
[0.213s] Level 5:colcon.colcon_core.verb:set package 'mobile_robot' build argument 'ament_cmake_args' from command line to 'None'
[0.213s] Level 5:colcon.colcon_core.verb:set package 'mobile_robot' build argument 'catkin_cmake_args' from command line to 'None'
[0.213s] Level 5:colcon.colcon_core.verb:set package 'mobile_robot' build argument 'catkin_skip_building_tests' from command line to 'False'
[0.213s] DEBUG:colcon.colcon_core.verb:Building package 'mobile_robot' with the following arguments: {'ament_cmake_args': None, 'build_base': '/home/emre/ws_mobile/build/mobile_robot', 'catkin_cmake_args': None, 'catkin_skip_building_tests': False, 'cmake_args': None, 'cmake_clean_cache': False, 'cmake_clean_first': False, 'cmake_force_configure': False, 'cmake_target': None, 'cmake_target_skip_unavailable': False, 'install_base': '/home/emre/ws_mobile/install/mobile_robot', 'merge_install': False, 'path': '/home/emre/ws_mobile/src/mobile_robot', 'symlink_install': False, 'test_result_base': None}
[0.213s] Level 5:colcon.colcon_core.verb:set package 'openslam_gmapping' build argument 'cmake_args' from command line to 'None'
[0.213s] Level 5:colcon.colcon_core.verb:set package 'openslam_gmapping' build argument 'cmake_target' from command line to 'None'
[0.213s] Level 5:colcon.colcon_core.verb:set package 'openslam_gmapping' build argument 'cmake_target_skip_unavailable' from command line to 'False'
[0.213s] Level 5:colcon.colcon_core.verb:set package 'openslam_gmapping' build argument 'cmake_clean_cache' from command line to 'False'
[0.213s] Level 5:colcon.colcon_core.verb:set package 'openslam_gmapping' build argument 'cmake_clean_first' from command line to 'False'
[0.213s] Level 5:colcon.colcon_core.verb:set package 'openslam_gmapping' build argument 'cmake_force_configure' from command line to 'False'
[0.213s] Level 5:colcon.colcon_core.verb:set package 'openslam_gmapping' build argument 'ament_cmake_args' from command line to 'None'
[0.213s] Level 5:colcon.colcon_core.verb:set package 'openslam_gmapping' build argument 'catkin_cmake_args' from command line to 'None'
[0.213s] Level 5:colcon.colcon_core.verb:set package 'openslam_gmapping' build argument 'catkin_skip_building_tests' from command line to 'False'
[0.214s] DEBUG:colcon.colcon_core.verb:Building package 'openslam_gmapping' with the following arguments: {'ament_cmake_args': None, 'build_base': '/home/emre/ws_mobile/build/openslam_gmapping', 'catkin_cmake_args': None, 'catkin_skip_building_tests': False, 'cmake_args': None, 'cmake_clean_cache': False, 'cmake_clean_first': False, 'cmake_force_configure': False, 'cmake_target': None, 'cmake_target_skip_unavailable': False, 'install_base': '/home/emre/ws_mobile/install/openslam_gmapping', 'merge_install': False, 'path': '/home/emre/ws_mobile/src/slam_gmapping_Humble/openslam_gmapping', 'symlink_install': False, 'test_result_base': None}
[0.214s] Level 5:colcon.colcon_core.verb:set package 'slam_gmapping' build argument 'cmake_args' from command line to 'None'
[0.214s] Level 5:colcon.colcon_core.verb:set package 'slam_gmapping' build argument 'cmake_target' from command line to 'None'
[0.214s] Level 5:colcon.colcon_core.verb:set package 'slam_gmapping' build argument 'cmake_target_skip_unavailable' from command line to 'False'
[0.214s] Level 5:colcon.colcon_core.verb:set package 'slam_gmapping' build argument 'cmake_clean_cache' from command line to 'False'
[0.214s] Level 5:colcon.colcon_core.verb:set package 'slam_gmapping' build argument 'cmake_clean_first' from command line to 'False'
[0.214s] Level 5:colcon.colcon_core.verb:set package 'slam_gmapping' build argument 'cmake_force_configure' from command line to 'False'
[0.214s] Level 5:colcon.colcon_core.verb:set package 'slam_gmapping' build argument 'ament_cmake_args' from command line to 'None'
[0.214s] Level 5:colcon.colcon_core.verb:set package 'slam_gmapping' build argument 'catkin_cmake_args' from command line to 'None'
[0.214s] Level 5:colcon.colcon_core.verb:set package 'slam_gmapping' build argument 'catkin_skip_building_tests' from command line to 'False'
[0.214s] DEBUG:colcon.colcon_core.verb:Building package 'slam_gmapping' with the following arguments: {'ament_cmake_args': None, 'build_base': '/home/emre/ws_mobile/build/slam_gmapping', 'catkin_cmake_args': None, 'catkin_skip_building_tests': False, 'cmake_args': None, 'cmake_clean_cache': False, 'cmake_clean_first': False, 'cmake_force_configure': False, 'cmake_target': None, 'cmake_target_skip_unavailable': False, 'install_base': '/home/emre/ws_mobile/install/slam_gmapping', 'merge_install': False, 'path': '/home/emre/ws_mobile/src/slam_gmapping_Humble/slam_gmapping', 'symlink_install': False, 'test_result_base': None}
[0.214s] INFO:colcon.colcon_core.executor:Executing jobs using 'parallel' executor
[0.215s] DEBUG:colcon.colcon_parallel_executor.executor.parallel:run_until_complete
[0.215s] INFO:colcon.colcon_ros.task.ament_cmake.build:Building ROS package in '/home/emre/ws_mobile/src/slam_gmapping_Humble/openslam_gmapping' with build type 'ament_cmake'
[0.215s] INFO:colcon.colcon_cmake.task.cmake.build:Building CMake package in '/home/emre/ws_mobile/src/slam_gmapping_Humble/openslam_gmapping'
[0.216s] INFO:colcon.colcon_core.plugin_system:Skipping extension 'colcon_core.shell.bat': Not used on non-Windows systems
[0.216s] INFO:colcon.colcon_core.shell:Skip shell extension 'powershell' for command environment: Not usable outside of PowerShell
[0.216s] DEBUG:colcon.colcon_core.shell:Skip shell extension 'dsv' for command environment
[0.219s] INFO:colcon.colcon_ros.task.ament_cmake.build:Building ROS package in '/home/emre/ws_mobile/src/mobile_robot' with build type 'ament_cmake'
[0.219s] INFO:colcon.colcon_cmake.task.cmake.build:Building CMake package in '/home/emre/ws_mobile/src/mobile_robot'
[0.219s] INFO:colcon.colcon_core.shell:Skip shell extension 'powershell' for command environment: Not usable outside of PowerShell
[0.219s] DEBUG:colcon.colcon_core.shell:Skip shell extension 'dsv' for command environment
[0.224s] DEBUG:colcon.colcon_core.event_handler.log_command:Invoking command in '/home/emre/ws_mobile/build/openslam_gmapping': CMAKE_PREFIX_PATH=/home/emre/ws_mobile/install/slam_gmapping:/home/emre/ws_mobile/install/openslam_gmapping:/home/emre/ws_mobile/install/mobile_robot:/opt/ros/humble:/home/emre/ros2_ws/install/my_rover_description /usr/bin/cmake --build /home/emre/ws_mobile/build/openslam_gmapping -- -j20 -l20
[0.225s] DEBUG:colcon.colcon_core.event_handler.log_command:Invoking command in '/home/emre/ws_mobile/build/mobile_robot': CMAKE_PREFIX_PATH=/home/emre/ws_mobile/install/slam_gmapping:/home/emre/ws_mobile/install/openslam_gmapping:/home/emre/ws_mobile/install/mobile_robot:/opt/ros/humble:/home/emre/ros2_ws/install/my_rover_description /usr/bin/cmake --build /home/emre/ws_mobile/build/mobile_robot -- -j20 -l20
[0.251s] DEBUG:colcon.colcon_core.event_handler.log_command:Invoked command in '/home/emre/ws_mobile/build/mobile_robot' returned '0': CMAKE_PREFIX_PATH=/home/emre/ws_mobile/install/slam_gmapping:/home/emre/ws_mobile/install/openslam_gmapping:/home/emre/ws_mobile/install/mobile_robot:/opt/ros/humble:/home/emre/ros2_ws/install/my_rover_description /usr/bin/cmake --build /home/emre/ws_mobile/build/mobile_robot -- -j20 -l20
[0.259s] DEBUG:colcon.colcon_core.event_handler.log_command:Invoking command in '/home/emre/ws_mobile/build/mobile_robot': CMAKE_PREFIX_PATH=/home/emre/ws_mobile/install/slam_gmapping:/home/emre/ws_mobile/install/openslam_gmapping:/home/emre/ws_mobile/install/mobile_robot:/opt/ros/humble:/home/emre/ros2_ws/install/my_rover_description /usr/bin/cmake --install /home/emre/ws_mobile/build/mobile_robot
[0.267s] Level 1:colcon.colcon_core.environment:create_environment_scripts_only(mobile_robot)
[0.267s] DEBUG:colcon.colcon_core.event_handler.log_command:Invoked command in '/home/emre/ws_mobile/build/mobile_robot' returned '0': CMAKE_PREFIX_PATH=/home/emre/ws_mobile/install/slam_gmapping:/home/emre/ws_mobile/install/openslam_gmapping:/home/emre/ws_mobile/install/mobile_robot:/opt/ros/humble:/home/emre/ros2_ws/install/my_rover_description /usr/bin/cmake --install /home/emre/ws_mobile/build/mobile_robot
[0.269s] Level 1:colcon.colcon_core.environment:checking '/home/emre/ws_mobile/install/mobile_robot' for CMake module files
[0.270s] Level 1:colcon.colcon_core.environment:checking '/home/emre/ws_mobile/install/mobile_robot' for CMake config files
[0.270s] Level 1:colcon.colcon_core.shell:create_environment_hook('mobile_robot', 'cmake_prefix_path')
[0.270s] INFO:colcon.colcon_core.shell:Creating environment hook '/home/emre/ws_mobile/install/mobile_robot/share/mobile_robot/hook/cmake_prefix_path.ps1'
[0.271s] INFO:colcon.colcon_core.shell:Creating environment descriptor '/home/emre/ws_mobile/install/mobile_robot/share/mobile_robot/hook/cmake_prefix_path.dsv'
[0.271s] INFO:colcon.colcon_core.shell:Creating environment hook '/home/emre/ws_mobile/install/mobile_robot/share/mobile_robot/hook/cmake_prefix_path.sh'
[0.272s] Level 1:colcon.colcon_core.environment:checking '/home/emre/ws_mobile/install/mobile_robot/bin'
[0.272s] Level 1:colcon.colcon_core.environment:checking '/home/emre/ws_mobile/install/mobile_robot/lib/pkgconfig/mobile_robot.pc'
[0.272s] Level 1:colcon.colcon_core.environment:checking '/home/emre/ws_mobile/install/mobile_robot/lib/python3.10/site-packages'
[0.272s] Level 1:colcon.colcon_core.environment:checking '/home/emre/ws_mobile/install/mobile_robot/bin'
[0.272s] INFO:colcon.colcon_core.shell:Creating package script '/home/emre/ws_mobile/install/mobile_robot/share/mobile_robot/package.ps1'
[0.273s] INFO:colcon.colcon_core.shell:Creating package descriptor '/home/emre/ws_mobile/install/mobile_robot/share/mobile_robot/package.dsv'
[0.273s] INFO:colcon.colcon_core.shell:Creating package script '/home/emre/ws_mobile/install/mobile_robot/share/mobile_robot/package.sh'
[0.274s] INFO:colcon.colcon_core.shell:Creating package script '/home/emre/ws_mobile/install/mobile_robot/share/mobile_robot/package.bash'
[0.274s] INFO:colcon.colcon_core.shell:Creating package script '/home/emre/ws_mobile/install/mobile_robot/share/mobile_robot/package.zsh'
[0.274s] Level 1:colcon.colcon_core.environment:create_file_with_runtime_dependencies(/home/emre/ws_mobile/install/mobile_robot/share/colcon-core/packages/mobile_robot)
[0.275s] Level 1:colcon.colcon_core.environment:create_environment_scripts_only(mobile_robot)
[0.275s] Level 1:colcon.colcon_core.environment:checking '/home/emre/ws_mobile/install/mobile_robot' for CMake module files
[0.275s] Level 1:colcon.colcon_core.environment:checking '/home/emre/ws_mobile/install/mobile_robot' for CMake config files
[0.275s] Level 1:colcon.colcon_core.shell:create_environment_hook('mobile_robot', 'cmake_prefix_path')
[0.275s] INFO:colcon.colcon_core.shell:Creating environment hook '/home/emre/ws_mobile/install/mobile_robot/share/mobile_robot/hook/cmake_prefix_path.ps1'
[0.275s] INFO:colcon.colcon_core.shell:Creating environment descriptor '/home/emre/ws_mobile/install/mobile_robot/share/mobile_robot/hook/cmake_prefix_path.dsv'
[0.276s] INFO:colcon.colcon_core.shell:Creating environment hook '/home/emre/ws_mobile/install/mobile_robot/share/mobile_robot/hook/cmake_prefix_path.sh'
[0.276s] Level 1:colcon.colcon_core.environment:checking '/home/emre/ws_mobile/install/mobile_robot/bin'
[0.276s] Level 1:colcon.colcon_core.environment:checking '/home/emre/ws_mobile/install/mobile_robot/lib/pkgconfig/mobile_robot.pc'
[0.276s] Level 1:colcon.colcon_core.environment:checking '/home/emre/ws_mobile/install/mobile_robot/lib/python3.10/site-packages'
[0.276s] Level 1:colcon.colcon_core.environment:checking '/home/emre/ws_mobile/install/mobile_robot/bin'
[0.276s] INFO:colcon.colcon_core.shell:Creating package script '/home/emre/ws_mobile/install/mobile_robot/share/mobile_robot/package.ps1'
[0.277s] INFO:colcon.colcon_core.shell:Creating package descriptor '/home/emre/ws_mobile/install/mobile_robot/share/mobile_robot/package.dsv'
[0.277s] INFO:colcon.colcon_core.shell:Creating package script '/home/emre/ws_mobile/install/mobile_robot/share/mobile_robot/package.sh'
[0.277s] INFO:colcon.colcon_core.shell:Creating package script '/home/emre/ws_mobile/install/mobile_robot/share/mobile_robot/package.bash'
[0.277s] INFO:colcon.colcon_core.shell:Creating package script '/home/emre/ws_mobile/install/mobile_robot/share/mobile_robot/package.zsh'
[0.277s] Level 1:colcon.colcon_core.environment:create_file_with_runtime_dependencies(/home/emre/ws_mobile/install/mobile_robot/share/colcon-core/packages/mobile_robot)
[0.321s] DEBUG:colcon.colcon_core.event_handler.log_command:Invoked command in '/home/emre/ws_mobile/build/openslam_gmapping' returned '0': CMAKE_PREFIX_PATH=/home/emre/ws_mobile/install/slam_gmapping:/home/emre/ws_mobile/install/openslam_gmapping:/home/emre/ws_mobile/install/mobile_robot:/opt/ros/humble:/home/emre/ros2_ws/install/my_rover_description /usr/bin/cmake --build /home/emre/ws_mobile/build/openslam_gmapping -- -j20 -l20
[0.322s] DEBUG:colcon.colcon_core.event_handler.log_command:Invoking command in '/home/emre/ws_mobile/build/openslam_gmapping': CMAKE_PREFIX_PATH=/home/emre/ws_mobile/install/slam_gmapping:/home/emre/ws_mobile/install/openslam_gmapping:/home/emre/ws_mobile/install/mobile_robot:/opt/ros/humble:/home/emre/ros2_ws/install/my_rover_description /usr/bin/cmake --install /home/emre/ws_mobile/build/openslam_gmapping
[0.329s] Level 1:colcon.colcon_core.environment:create_environment_scripts_only(openslam_gmapping)
[0.330s] Level 1:colcon.colcon_core.environment:checking '/home/emre/ws_mobile/install/openslam_gmapping' for CMake module files
[0.330s] DEBUG:colcon.colcon_core.event_handler.log_command:Invoked command in '/home/emre/ws_mobile/build/openslam_gmapping' returned '0': CMAKE_PREFIX_PATH=/home/emre/ws_mobile/install/slam_gmapping:/home/emre/ws_mobile/install/openslam_gmapping:/home/emre/ws_mobile/install/mobile_robot:/opt/ros/humble:/home/emre/ros2_ws/install/my_rover_description /usr/bin/cmake --install /home/emre/ws_mobile/build/openslam_gmapping
[0.330s] Level 1:colcon.colcon_core.environment:checking '/home/emre/ws_mobile/install/openslam_gmapping' for CMake config files
[0.330s] Level 1:colcon.colcon_core.shell:create_environment_hook('openslam_gmapping', 'cmake_prefix_path')
[0.330s] INFO:colcon.colcon_core.shell:Creating environment hook '/home/emre/ws_mobile/install/openslam_gmapping/share/openslam_gmapping/hook/cmake_prefix_path.ps1'
[0.331s] INFO:colcon.colcon_core.shell:Creating environment descriptor '/home/emre/ws_mobile/install/openslam_gmapping/share/openslam_gmapping/hook/cmake_prefix_path.dsv'
[0.331s] INFO:colcon.colcon_core.shell:Creating environment hook '/home/emre/ws_mobile/install/openslam_gmapping/share/openslam_gmapping/hook/cmake_prefix_path.sh'
[0.331s] Level 1:colcon.colcon_core.environment:checking '/home/emre/ws_mobile/install/openslam_gmapping/lib'
[0.331s] Level 1:colcon.colcon_core.environment:checking '/home/emre/ws_mobile/install/openslam_gmapping/bin'
[0.331s] Level 1:colcon.colcon_core.environment:checking '/home/emre/ws_mobile/install/openslam_gmapping/lib/pkgconfig/openslam_gmapping.pc'
[0.331s] Level 1:colcon.colcon_core.environment:checking '/home/emre/ws_mobile/install/openslam_gmapping/lib/python3.10/site-packages'
[0.332s] Level 1:colcon.colcon_core.environment:checking '/home/emre/ws_mobile/install/openslam_gmapping/bin'
[0.332s] INFO:colcon.colcon_core.shell:Creating package script '/home/emre/ws_mobile/install/openslam_gmapping/share/openslam_gmapping/package.ps1'
[0.332s] INFO:colcon.colcon_core.shell:Creating package descriptor '/home/emre/ws_mobile/install/openslam_gmapping/share/openslam_gmapping/package.dsv'
[0.332s] INFO:colcon.colcon_core.shell:Creating package script '/home/emre/ws_mobile/install/openslam_gmapping/share/openslam_gmapping/package.sh'
[0.332s] INFO:colcon.colcon_core.shell:Creating package script '/home/emre/ws_mobile/install/openslam_gmapping/share/openslam_gmapping/package.bash'
[0.332s] INFO:colcon.colcon_core.shell:Creating package script '/home/emre/ws_mobile/install/openslam_gmapping/share/openslam_gmapping/package.zsh'
[0.333s] Level 1:colcon.colcon_core.environment:create_file_with_runtime_dependencies(/home/emre/ws_mobile/install/openslam_gmapping/share/colcon-core/packages/openslam_gmapping)
[0.333s] Level 1:colcon.colcon_core.environment:create_environment_scripts_only(openslam_gmapping)
[0.333s] Level 1:colcon.colcon_core.environment:checking '/home/emre/ws_mobile/install/openslam_gmapping' for CMake module files
[0.333s] Level 1:colcon.colcon_core.environment:checking '/home/emre/ws_mobile/install/openslam_gmapping' for CMake config files
[0.333s] Level 1:colcon.colcon_core.shell:create_environment_hook('openslam_gmapping', 'cmake_prefix_path')
[0.333s] INFO:colcon.colcon_core.shell:Creating environment hook '/home/emre/ws_mobile/install/openslam_gmapping/share/openslam_gmapping/hook/cmake_prefix_path.ps1'
[0.334s] INFO:colcon.colcon_core.shell:Creating environment descriptor '/home/emre/ws_mobile/install/openslam_gmapping/share/openslam_gmapping/hook/cmake_prefix_path.dsv'
[0.334s] INFO:colcon.colcon_core.shell:Creating environment hook '/home/emre/ws_mobile/install/openslam_gmapping/share/openslam_gmapping/hook/cmake_prefix_path.sh'
[0.334s] Level 1:colcon.colcon_core.environment:checking '/home/emre/ws_mobile/install/openslam_gmapping/lib'
[0.334s] Level 1:colcon.colcon_core.environment:checking '/home/emre/ws_mobile/install/openslam_gmapping/bin'
[0.334s] Level 1:colcon.colcon_core.environment:checking '/home/emre/ws_mobile/install/openslam_gmapping/lib/pkgconfig/openslam_gmapping.pc'
[0.334s] Level 1:colcon.colcon_core.environment:checking '/home/emre/ws_mobile/install/openslam_gmapping/lib/python3.10/site-packages'
[0.334s] Level 1:colcon.colcon_core.environment:checking '/home/emre/ws_mobile/install/openslam_gmapping/bin'
[0.335s] INFO:colcon.colcon_core.shell:Creating package script '/home/emre/ws_mobile/install/openslam_gmapping/share/openslam_gmapping/package.ps1'
[0.335s] INFO:colcon.colcon_core.shell:Creating package descriptor '/home/emre/ws_mobile/install/openslam_gmapping/share/openslam_gmapping/package.dsv'
[0.335s] INFO:colcon.colcon_core.shell:Creating package script '/home/emre/ws_mobile/install/openslam_gmapping/share/openslam_gmapping/package.sh'
[0.335s] INFO:colcon.colcon_core.shell:Creating package script '/home/emre/ws_mobile/install/openslam_gmapping/share/openslam_gmapping/package.bash'
[0.336s] INFO:colcon.colcon_core.shell:Creating package script '/home/emre/ws_mobile/install/openslam_gmapping/share/openslam_gmapping/package.zsh'
[0.336s] Level 1:colcon.colcon_core.environment:create_file_with_runtime_dependencies(/home/emre/ws_mobile/install/openslam_gmapping/share/colcon-core/packages/openslam_gmapping)
[0.336s] INFO:colcon.colcon_ros.task.ament_cmake.build:Building ROS package in '/home/emre/ws_mobile/src/slam_gmapping_Humble/slam_gmapping' with build type 'ament_cmake'
[0.336s] INFO:colcon.colcon_cmake.task.cmake.build:Building CMake package in '/home/emre/ws_mobile/src/slam_gmapping_Humble/slam_gmapping'
[0.336s] INFO:colcon.colcon_core.shell:Skip shell extension 'powershell' for command environment: Not usable outside of PowerShell
[0.336s] DEBUG:colcon.colcon_core.shell:Skip shell extension 'dsv' for command environment
[0.343s] DEBUG:colcon.colcon_core.event_handler.log_command:Invoking command in '/home/emre/ws_mobile/build/slam_gmapping': CMAKE_PREFIX_PATH=/home/emre/ws_mobile/install/openslam_gmapping:/home/emre/ws_mobile/install/slam_gmapping:/home/emre/ws_mobile/install/mobile_robot:/opt/ros/humble:/home/emre/ros2_ws/install/my_rover_description /usr/bin/cmake --build /home/emre/ws_mobile/build/slam_gmapping -- -j20 -l20
[0.397s] DEBUG:colcon.colcon_core.event_handler.log_command:Invoked command in '/home/emre/ws_mobile/build/slam_gmapping' returned '0': CMAKE_PREFIX_PATH=/home/emre/ws_mobile/install/openslam_gmapping:/home/emre/ws_mobile/install/slam_gmapping:/home/emre/ws_mobile/install/mobile_robot:/opt/ros/humble:/home/emre/ros2_ws/install/my_rover_description /usr/bin/cmake --build /home/emre/ws_mobile/build/slam_gmapping -- -j20 -l20
[0.399s] DEBUG:colcon.colcon_core.event_handler.log_command:Invoking command in '/home/emre/ws_mobile/build/slam_gmapping': CMAKE_PREFIX_PATH=/home/emre/ws_mobile/install/openslam_gmapping:/home/emre/ws_mobile/install/slam_gmapping:/home/emre/ws_mobile/install/mobile_robot:/opt/ros/humble:/home/emre/ros2_ws/install/my_rover_description /usr/bin/cmake --install /home/emre/ws_mobile/build/slam_gmapping
[0.407s] Level 1:colcon.colcon_core.environment:create_environment_scripts_only(slam_gmapping)
[0.408s] DEBUG:colcon.colcon_core.event_handler.log_command:Invoked command in '/home/emre/ws_mobile/build/slam_gmapping' returned '0': CMAKE_PREFIX_PATH=/home/emre/ws_mobile/install/openslam_gmapping:/home/emre/ws_mobile/install/slam_gmapping:/home/emre/ws_mobile/install/mobile_robot:/opt/ros/humble:/home/emre/ros2_ws/install/my_rover_description /usr/bin/cmake --install /home/emre/ws_mobile/build/slam_gmapping
[0.408s] Level 1:colcon.colcon_core.environment:checking '/home/emre/ws_mobile/install/slam_gmapping' for CMake module files
[0.408s] Level 1:colcon.colcon_core.environment:checking '/home/emre/ws_mobile/install/slam_gmapping' for CMake config files
[0.409s] Level 1:colcon.colcon_core.shell:create_environment_hook('slam_gmapping', 'cmake_prefix_path')
[0.409s] INFO:colcon.colcon_core.shell:Creating environment hook '/home/emre/ws_mobile/install/slam_gmapping/share/slam_gmapping/hook/cmake_prefix_path.ps1'
[0.409s] INFO:colcon.colcon_core.shell:Creating environment descriptor '/home/emre/ws_mobile/install/slam_gmapping/share/slam_gmapping/hook/cmake_prefix_path.dsv'
[0.410s] INFO:colcon.colcon_core.shell:Creating environment hook '/home/emre/ws_mobile/install/slam_gmapping/share/slam_gmapping/hook/cmake_prefix_path.sh'
[0.410s] Level 1:colcon.colcon_core.environment:checking '/home/emre/ws_mobile/install/slam_gmapping/lib'
[0.410s] Level 1:colcon.colcon_core.shell:create_environment_hook('slam_gmapping', 'ld_library_path_lib')
[0.410s] INFO:colcon.colcon_core.shell:Creating environment hook '/home/emre/ws_mobile/install/slam_gmapping/share/slam_gmapping/hook/ld_library_path_lib.ps1'
[0.411s] INFO:colcon.colcon_core.shell:Creating environment descriptor '/home/emre/ws_mobile/install/slam_gmapping/share/slam_gmapping/hook/ld_library_path_lib.dsv'
[0.411s] INFO:colcon.colcon_core.shell:Creating environment hook '/home/emre/ws_mobile/install/slam_gmapping/share/slam_gmapping/hook/ld_library_path_lib.sh'
[0.411s] Level 1:colcon.colcon_core.environment:checking '/home/emre/ws_mobile/install/slam_gmapping/bin'
[0.411s] Level 1:colcon.colcon_core.environment:checking '/home/emre/ws_mobile/install/slam_gmapping/lib/pkgconfig/slam_gmapping.pc'
[0.411s] Level 1:colcon.colcon_core.environment:checking '/home/emre/ws_mobile/install/slam_gmapping/lib/python3.10/site-packages'
[0.411s] Level 1:colcon.colcon_core.environment:checking '/home/emre/ws_mobile/install/slam_gmapping/bin'
[0.411s] INFO:colcon.colcon_core.shell:Creating package script '/home/emre/ws_mobile/install/slam_gmapping/share/slam_gmapping/package.ps1'
[0.412s] INFO:colcon.colcon_core.shell:Creating package descriptor '/home/emre/ws_mobile/install/slam_gmapping/share/slam_gmapping/package.dsv'
[0.412s] INFO:colcon.colcon_core.shell:Creating package script '/home/emre/ws_mobile/install/slam_gmapping/share/slam_gmapping/package.sh'
[0.412s] INFO:colcon.colcon_core.shell:Creating package script '/home/emre/ws_mobile/install/slam_gmapping/share/slam_gmapping/package.bash'
[0.412s] INFO:colcon.colcon_core.shell:Creating package script '/home/emre/ws_mobile/install/slam_gmapping/share/slam_gmapping/package.zsh'
[0.412s] Level 1:colcon.colcon_core.environment:create_file_with_runtime_dependencies(/home/emre/ws_mobile/install/slam_gmapping/share/colcon-core/packages/slam_gmapping)
[0.413s] Level 1:colcon.colcon_core.environment:create_environment_scripts_only(slam_gmapping)
[0.413s] Level 1:colcon.colcon_core.environment:checking '/home/emre/ws_mobile/install/slam_gmapping' for CMake module files
[0.413s] Level 1:colcon.colcon_core.environment:checking '/home/emre/ws_mobile/install/slam_gmapping' for CMake config files
[0.413s] Level 1:colcon.colcon_core.shell:create_environment_hook('slam_gmapping', 'cmake_prefix_path')
[0.413s] INFO:colcon.colcon_core.shell:Creating environment hook '/home/emre/ws_mobile/install/slam_gmapping/share/slam_gmapping/hook/cmake_prefix_path.ps1'
[0.413s] INFO:colcon.colcon_core.shell:Creating environment descriptor '/home/emre/ws_mobile/install/slam_gmapping/share/slam_gmapping/hook/cmake_prefix_path.dsv'
[0.413s] INFO:colcon.colcon_core.shell:Creating environment hook '/home/emre/ws_mobile/install/slam_gmapping/share/slam_gmapping/hook/cmake_prefix_path.sh'
[0.414s] Level 1:colcon.colcon_core.environment:checking '/home/emre/ws_mobile/install/slam_gmapping/lib'
[0.414s] Level 1:colcon.colcon_core.shell:create_environment_hook('slam_gmapping', 'ld_library_path_lib')
[0.414s] INFO:colcon.colcon_core.shell:Creating environment hook '/home/emre/ws_mobile/install/slam_gmapping/share/slam_gmapping/hook/ld_library_path_lib.ps1'
[0.414s] INFO:colcon.colcon_core.shell:Creating environment descriptor '/home/emre/ws_mobile/install/slam_gmapping/share/slam_gmapping/hook/ld_library_path_lib.dsv'
[0.414s] INFO:colcon.colcon_core.shell:Creating environment hook '/home/emre/ws_mobile/install/slam_gmapping/share/slam_gmapping/hook/ld_library_path_lib.sh'
[0.414s] Level 1:colcon.colcon_core.environment:checking '/home/emre/ws_mobile/install/slam_gmapping/bin'
[0.414s] Level 1:colcon.colcon_core.environment:checking '/home/emre/ws_mobile/install/slam_gmapping/lib/pkgconfig/slam_gmapping.pc'
[0.415s] Level 1:colcon.colcon_core.environment:checking '/home/emre/ws_mobile/install/slam_gmapping/lib/python3.10/site-packages'
[0.415s] Level 1:colcon.colcon_core.environment:checking '/home/emre/ws_mobile/install/slam_gmapping/bin'
[0.415s] INFO:colcon.colcon_core.shell:Creating package script '/home/emre/ws_mobile/install/slam_gmapping/share/slam_gmapping/package.ps1'
[0.415s] INFO:colcon.colcon_core.shell:Creating package descriptor '/home/emre/ws_mobile/install/slam_gmapping/share/slam_gmapping/package.dsv'
[0.415s] INFO:colcon.colcon_core.shell:Creating package script '/home/emre/ws_mobile/install/slam_gmapping/share/slam_gmapping/package.sh'
[0.416s] INFO:colcon.colcon_core.shell:Creating package script '/home/emre/ws_mobile/install/slam_gmapping/share/slam_gmapping/package.bash'
[0.416s] INFO:colcon.colcon_core.shell:Creating package script '/home/emre/ws_mobile/install/slam_gmapping/share/slam_gmapping/package.zsh'
[0.416s] Level 1:colcon.colcon_core.environment:create_file_with_runtime_dependencies(/home/emre/ws_mobile/install/slam_gmapping/share/colcon-core/packages/slam_gmapping)
[0.416s] DEBUG:colcon.colcon_parallel_executor.executor.parallel:closing loop
[0.416s] DEBUG:colcon.colcon_parallel_executor.executor.parallel:loop closed
[0.416s] DEBUG:colcon.colcon_parallel_executor.executor.parallel:run_until_complete finished with '0'
[0.416s] DEBUG:colcon.colcon_core.event_reactor:joining thread
[0.419s] INFO:colcon.colcon_core.plugin_system:Skipping extension 'colcon_notification.desktop_notification.terminal_notifier': Not used on non-Darwin systems
[0.419s] INFO:colcon.colcon_core.plugin_system:Skipping extension 'colcon_notification.desktop_notification.win32': Not used on non-Windows systems
[0.419s] INFO:colcon.colcon_notification.desktop_notification:Sending desktop notification using 'notify2'
[0.430s] DEBUG:colcon.colcon_core.event_reactor:joined thread
[0.430s] INFO:colcon.colcon_core.shell:Creating prefix script '/home/emre/ws_mobile/install/local_setup.ps1'
[0.431s] INFO:colcon.colcon_core.shell:Creating prefix util module '/home/emre/ws_mobile/install/_local_setup_util_ps1.py'
[0.432s] INFO:colcon.colcon_core.shell:Creating prefix chain script '/home/emre/ws_mobile/install/setup.ps1'
[0.432s] INFO:colcon.colcon_core.shell:Creating prefix script '/home/emre/ws_mobile/install/local_setup.sh'
[0.433s] INFO:colcon.colcon_core.shell:Creating prefix util module '/home/emre/ws_mobile/install/_local_setup_util_sh.py'
[0.433s] INFO:colcon.colcon_core.shell:Creating prefix chain script '/home/emre/ws_mobile/install/setup.sh'
[0.434s] INFO:colcon.colcon_core.shell:Creating prefix script '/home/emre/ws_mobile/install/local_setup.bash'
[0.434s] INFO:colcon.colcon_core.shell:Creating prefix chain script '/home/emre/ws_mobile/install/setup.bash'
[0.434s] INFO:colcon.colcon_core.shell:Creating prefix script '/home/emre/ws_mobile/install/local_setup.zsh'
[0.434s] INFO:colcon.colcon_core.shell:Creating prefix chain script '/home/emre/ws_mobile/install/setup.zsh'
